#
# There is insufficient memory for the Java Runtime Environment to continue.
# Native memory allocation (mmap) failed to map 65536 bytes for Failed to commit metaspace.
# Possible reasons:
#   The system is out of physical RAM or swap space
#   The process is running with CompressedOops enabled, and the Java Heap may be blocking the growth of the native heap
# Possible solutions:
#   Reduce memory load on the system
#   Increase physical memory or swap space
#   Check if swap backing store is full
#   Decrease Java heap size (-Xmx/-Xms)
#   Decrease number of Java threads
#   Decrease Java thread stack sizes (-Xss)
#   Set larger code cache with -XX:ReservedCodeCacheSize=
#   JVM is running with Unscaled Compressed Oops mode in which the Java heap is
#     placed in the first 4GB address space. The Java Heap base address is the
#     maximum limit for the native heap growth. Please use -XX:HeapBaseMinAddress
#     to set the Java Heap base and to place the Java Heap above 4GB virtual address.
# This output file may be truncated or incomplete.
#
#  Out of Memory Error (virtualSpaceNode.cpp:110), pid=13524, tid=7600
#
# JRE version: OpenJDK Runtime Environment Temurin-17.0.10+7 (17.0.10+7) (build 17.0.10+7)
# Java VM: OpenJDK 64-Bit Server VM Temurin-17.0.10+7 (17.0.10+7, mixed mode, tiered, compressed oops, compressed class ptrs, parallel gc, windows-amd64)
# No core dump will be written. Minidumps are not enabled by default on client versions of Windows
#

---------------  S U M M A R Y ------------

Command Line: --add-modules=ALL-SYSTEM --add-opens=java.base/java.util=ALL-UNNAMED --add-opens=java.base/java.lang=ALL-UNNAMED --add-opens=java.base/sun.nio.fs=ALL-UNNAMED -Declipse.application=org.eclipse.jdt.ls.core.id1 -Dosgi.bundles.defaultStartLevel=4 -Declipse.product=org.eclipse.jdt.ls.core.product -Djava.import.generatesMetadataFilesAtProjectRoot=false -DDetectVMInstallationsJob.disabled=true -Dfile.encoding=utf8 -XX:+UseParallelGC -XX:GCTimeRatio=4 -XX:AdaptiveSizePolicyWeight=90 -Dsun.zip.disableMemoryMapping=true -Xmx1G -Xms100m -Xlog:disable -javaagent:c:\Users\aluno.LABINFO\.vscode\extensions\redhat.java-1.30.0-win32-x64\lombok\lombok-1.18.32.jar -XX:+HeapDumpOnOutOfMemoryError -XX:HeapDumpPath=c:\Users\aluno.LABINFO\AppData\Roaming\Code\User\workspaceStorage\2ffb834baca0b11982a4a025cb03734d\redhat.java -Daether.dependencyCollector.impl=bf c:\Users\aluno.LABINFO\.vscode\extensions\redhat.java-1.30.0-win32-x64\server\plugins\org.eclipse.equinox.launcher_1.6.800.v20240330-1250.jar -configuration c:\Users\aluno.LABINFO\AppData\Roaming\Code\User\globalStorage\redhat.java\1.30.0\config_win -data c:\Users\aluno.LABINFO\AppData\Roaming\Code\User\workspaceStorage\2ffb834baca0b11982a4a025cb03734d\redhat.java\jdt_ws --pipe=\\.\pipe\lsp-abecab9cd6c9892f4b30f1d53a316c20-sock

Host: 11th Gen Intel(R) Core(TM) i5-1135G7 @ 2.40GHz, 8 cores, 7G,  Windows 10 , 64 bit Build 19041 (10.0.19041.3636)
Time: Wed May  8 20:00:14 2024 Hora oficial do Brasil elapsed time: 0.637339 seconds (0d 0h 0m 0s)

---------------  T H R E A D  ---------------

Current thread (0x00000268c5b23ce0):  JavaThread "main" [_thread_in_vm, id=7600, stack(0x000000dd1d900000,0x000000dd1da00000)]

Stack: [0x000000dd1d900000,0x000000dd1da00000]
Native frames: (J=compiled Java code, j=interpreted, Vv=VM code, C=native code)
V  [jvm.dll+0x67d2c9]
V  [jvm.dll+0x834afa]
V  [jvm.dll+0x8365be]
V  [jvm.dll+0x836c23]
V  [jvm.dll+0x2477ff]
V  [jvm.dll+0x8307bb]
V  [jvm.dll+0x621d16]
V  [jvm.dll+0x621d7a]
V  [jvm.dll+0x6245aa]
V  [jvm.dll+0x6226b6]
V  [jvm.dll+0x23d160]
V  [jvm.dll+0x1ec25b]
V  [jvm.dll+0x1e1c01]
V  [jvm.dll+0x5427ce]
V  [jvm.dll+0x1f2647]
V  [jvm.dll+0x7adf9b]
V  [jvm.dll+0x7af36c]
V  [jvm.dll+0x7af6b8]
V  [jvm.dll+0x23face]
V  [jvm.dll+0x23fd1f]
V  [jvm.dll+0x560aa8]
V  [jvm.dll+0x5639a7]
V  [jvm.dll+0x386672]
V  [jvm.dll+0x385cdf]
C  0x00000268cfd09cb9

The last pc belongs to invokestatic (printed below).
Java frames: (J=compiled Java code, j=interpreted, Vv=VM code)
j  jdk.internal.logger.SimpleConsoleLogger.<clinit>()V+9 java.base@17.0.10
v  ~StubRoutines::call_stub
j  jdk.internal.logger.BootstrapLogger$RedirectedLoggers.apply(Ljdk/internal/logger/LazyLoggers$LazyLoggerAccessor;)Ljdk/internal/logger/SurrogateLogger;+21 java.base@17.0.10
j  jdk.internal.logger.BootstrapLogger$RedirectedLoggers.apply(Ljava/lang/Object;)Ljava/lang/Object;+5 java.base@17.0.10
J 678 c1 java.util.HashMap.computeIfAbsent(Ljava/lang/Object;Ljava/util/function/Function;)Ljava/lang/Object; java.base@17.0.10 (330 bytes) @ 0x00000268c88c3fb4 [0x00000268c88c3500+0x0000000000000ab4]
j  jdk.internal.logger.BootstrapLogger$RedirectedLoggers.get(Ljdk/internal/logger/LazyLoggers$LazyLoggerAccessor;)Ljdk/internal/logger/SurrogateLogger;+23 java.base@17.0.10
j  jdk.internal.logger.BootstrapLogger.createSurrogateLogger(Ljdk/internal/logger/LazyLoggers$LazyLoggerAccessor;)Ljava/lang/System$Logger;+4 java.base@17.0.10
j  jdk.internal.logger.BootstrapLogger.getLogger(Ljdk/internal/logger/LazyLoggers$LazyLoggerAccessor;Ljava/util/function/BooleanSupplier;)Ljava/lang/System$Logger;+47 java.base@17.0.10
j  jdk.internal.logger.LazyLoggers$LazyLoggerAccessor.wrapped()Ljava/lang/System$Logger;+16 java.base@17.0.10
j  jdk.internal.logger.LazyLoggers$LazyLoggerWrapper.wrapped()Ljava/lang/System$Logger;+4 java.base@17.0.10
j  jdk.internal.logger.AbstractLoggerWrapper.isLoggable(Ljava/lang/System$Logger$Level;)Z+1 java.base@17.0.10
j  jdk.internal.event.EventHelper.isLoggingSecurity()Z+36 java.base@17.0.10
j  sun.security.jca.JCAUtil.tryCommitCertEvent(Ljava/security/cert/Certificate;)V+6 java.base@17.0.10
j  java.security.cert.CertificateFactory.generateCertificate(Ljava/io/InputStream;)Ljava/security/cert/Certificate;+10 java.base@17.0.10
j  sun.security.pkcs.PKCS7.parseSignedData(Lsun/security/util/DerValue;)V+264 java.base@17.0.10
j  sun.security.pkcs.PKCS7.parse(Lsun/security/util/DerInputStream;Z)V+40 java.base@17.0.10
j  sun.security.pkcs.PKCS7.parse(Lsun/security/util/DerInputStream;)V+11 java.base@17.0.10
j  sun.security.pkcs.PKCS7.<init>([B)V+50 java.base@17.0.10
j  sun.security.util.SignatureFileVerifier.<init>(Ljava/util/ArrayList;Lsun/security/util/ManifestDigester;Ljava/lang/String;[B)V+40 java.base@17.0.10
j  java.util.jar.JarVerifier.processEntry(Lsun/security/util/ManifestEntryVerifier;)V+322 java.base@17.0.10
j  java.util.jar.JarVerifier.update(I[BIILsun/security/util/ManifestEntryVerifier;)V+39 java.base@17.0.10
j  java.util.jar.JarFile.initializeVerifier()V+163 java.base@17.0.10
j  java.util.jar.JarFile.getInputStream(Ljava/util/zip/ZipEntry;)Ljava/io/InputStream;+25 java.base@17.0.10
j  sun.net.www.protocol.jar.JarURLConnection.getInputStream()Ljava/io/InputStream;+88 java.base@17.0.10
j  java.net.URLClassLoader.getResourceAsStream(Ljava/lang/String;)Ljava/io/InputStream;+23 java.base@17.0.10
j  java.lang.Class.getResourceAsStream(Ljava/lang/String;)Ljava/io/InputStream;+123 java.base@17.0.10
j  org.eclipse.osgi.internal.framework.AliasMapper.getTables(Ljava/lang/String;Ljava/util/Map;Ljava/util/Map;)V+3
j  org.eclipse.osgi.internal.framework.AliasMapper.<clinit>()V+48
v  ~StubRoutines::call_stub
j  org.eclipse.osgi.internal.framework.EquinoxConfiguration.<init>(Ljava/util/Map;Lorg/eclipse/osgi/internal/hookregistry/HookRegistry;)V+5
j  org.eclipse.osgi.internal.framework.EquinoxContainer.<init>(Ljava/util/Map;Lorg/osgi/framework/connect/ModuleConnector;)V+82
j  org.eclipse.osgi.launch.Equinox.<init>(Ljava/util/Map;Lorg/osgi/framework/connect/ModuleConnector;)V+10
j  org.eclipse.osgi.launch.Equinox.<init>(Ljava/util/Map;)V+3
j  org.eclipse.core.runtime.adaptor.EclipseStarter.startup([Ljava/lang/String;Ljava/lang/Runnable;)Lorg/osgi/framework/BundleContext;+28
j  org.eclipse.core.runtime.adaptor.EclipseStarter.run([Ljava/lang/String;Ljava/lang/Runnable;)Ljava/lang/Object;+21
v  ~StubRoutines::call_stub
j  jdk.internal.reflect.NativeMethodAccessorImpl.invoke0(Ljava/lang/reflect/Method;Ljava/lang/Object;[Ljava/lang/Object;)Ljava/lang/Object;+0 java.base@17.0.10
j  jdk.internal.reflect.NativeMethodAccessorImpl.invoke(Ljava/lang/Object;[Ljava/lang/Object;)Ljava/lang/Object;+133 java.base@17.0.10
j  jdk.internal.reflect.DelegatingMethodAccessorImpl.invoke(Ljava/lang/Object;[Ljava/lang/Object;)Ljava/lang/Object;+6 java.base@17.0.10
j  java.lang.reflect.Method.invoke(Ljava/lang/Object;[Ljava/lang/Object;)Ljava/lang/Object;+59 java.base@17.0.10
j  org.eclipse.equinox.launcher.Main.invokeFramework([Ljava/lang/String;[Ljava/net/URL;)V+202
j  org.eclipse.equinox.launcher.Main.basicRun([Ljava/lang/String;)V+159
j  org.eclipse.equinox.launcher.Main.run([Ljava/lang/String;)I+4
j  org.eclipse.equinox.launcher.Main.main([Ljava/lang/String;)V+10
v  ~StubRoutines::call_stub
invokestatic  184 invokestatic  [0x00000268cfd09c00, 0x00000268cfd09ec0]  704 bytes
[MachCode]
  0x00000268cfd09c00: 4883 ec08 | c5fa 1104 | 24eb 1f48 | 83ec 10c5 | fb11 0424 | eb14 4883 | ec10 4889 | 0424 48c7 
  0x00000268cfd09c20: 4424 0800 | 0000 00eb | 0150 4c89 | 6dc0 410f | b755 0148 | 8b4d d0c1 | e202 8b5c | d120 c1eb 
  0x00000268cfd09c40: 1081 e3ff | 0000 0081 | fbb8 0000 | 000f 84b6 | 0000 00bb | b800 0000 | e805 0000 | 00e9 9b00 
  0x00000268cfd09c60: 0000 488b | d348 8d44 | 2408 4c89 | 6dc0 498b | cfc5 f877 | 4989 afa8 | 0200 0049 | 8987 9802 
  0x00000268cfd09c80: 0000 4883 | ec20 f7c4 | 0f00 0000 | 0f84 1a00 | 0000 4883 | ec08 49ba | 705c 1fd5 | f87f 0000 
  0x00000268cfd09ca0: 41ff d248 | 83c4 08e9 | 0d00 0000 | 49ba 705c | 1fd5 f87f | 0000 41ff | d248 83c4 | 2049 c787 
  0x00000268cfd09cc0: 9802 0000 | 0000 0000 | 49c7 87a8 | 0200 0000 | 0000 0049 | c787 a002 | 0000 0000 | 0000 c5f8 
  0x00000268cfd09ce0: 7749 817f | 0800 0000 | 000f 8405 | 0000 00e9 | 0c72 feff | 4c8b 6dc0 | 4c8b 75c8 | c341 0fb7 
  0x00000268cfd09d00: 5501 488b | 4dd0 c1e2 | 0248 8b5c | d128 488b | 5b08 488b | 5b08 488b | 5b18 80bb | 3301 0000 
  0x00000268cfd09d20: 040f 840d | 0000 004c | 3bbb 3801 | 0000 0f85 | 1fff ffff | 488b 5cd1 | 288b 54d1 | 38c1 ea1c 
  0x00000268cfd09d40: 49ba a060 | a1d5 f87f | 0000 498b | 14d2 5248 | 8b45 d848 | 85c0 0f84 | 1200 0000 | 4883 4008 
  0x00000268cfd09d60: 0148 8358 | 0800 4883 | c010 4889 | 45d8 488b | 45d8 4885 | c00f 8423 | 0100 0080 | 78f0 0a0f 
  0x00000268cfd09d80: 8519 0100 | 0048 83c0 | 084c 8b68 | f841 83ed | 0041 83fd | 020f 8cf8 | 0000 004c | 8b6b 0845 
  0x00000268cfd09da0: 0fb7 6d2c | 4c2b 2841 | 83ed 014e | 8b6c ec08 | 4d85 ed75 | 0748 8348 | 0801 eb4a | 458b 6d08 
  0x00000268cfd09dc0: 49c1 e503 | 4c33 6808 | 49f7 c5fc | ffff ff74 | 3549 f7c5 | 0200 0000 | 752c 4881 | 7808 0000 
  0x00000268cfd09de0: 0000 741e | 4881 7808 | 0100 0000 | 7414 4c33 | 6808 49f7 | c5fc ffff | ff74 0b48 | 8348 0802 
  0x00000268cfd09e00: eb04 4c89 | 6808 4883 | c010 4c8b | 68e8 4183 | ed02 4183 | fd02 0f8c | 7700 0000 | 4c8b 6b08 
  0x00000268cfd09e20: 450f b76d | 2c4c 2b28 | 4183 ed01 | 4e8b 6cec | 084d 85ed | 7507 4883 | 4808 01eb | 4a45 8b6d 
  0x00000268cfd09e40: 0849 c1e5 | 034c 3368 | 0849 f7c5 | fcff ffff | 7435 49f7 | c502 0000 | 0075 2c48 | 8178 0800 
  0x00000268cfd09e60: 0000 0074 | 1e48 8178 | 0801 0000 | 0074 144c | 3368 0849 | f7c5 fcff | ffff 740b | 4883 4808 
  0x00000268cfd09e80: 02eb 044c | 8968 0848 | 83c0 104c | 8b68 d841 | 83ed 0441 | c1e5 0349 | 03c5 4889 | 45d8 4c8d 
  0x00000268cfd09ea0: 6c24 084c | 896d f0ff | 6350 660f | 1f44 0000 | 0000 0000 | 0000 0000 | 0000 0000 | 0000 0000 
[/MachCode]

Compiled method (c1)     669  678       3       java.util.HashMap::computeIfAbsent (330 bytes)
 total in heap  [0x00000268c88c3210,0x00000268c88c4ff8] = 7656
 relocation     [0x00000268c88c3368,0x00000268c88c3500] = 408
 main code      [0x00000268c88c3500,0x00000268c88c4940] = 5184
 stub code      [0x00000268c88c4940,0x00000268c88c4a48] = 264
 metadata       [0x00000268c88c4a48,0x00000268c88c4a58] = 16
 scopes data    [0x00000268c88c4a58,0x00000268c88c4d10] = 696
 scopes pcs     [0x00000268c88c4d10,0x00000268c88c4f80] = 624
 dependencies   [0x00000268c88c4f80,0x00000268c88c4f88] = 8
 nul chk table  [0x00000268c88c4f88,0x00000268c88c4ff8] = 112

[Constant Pool (empty)]

[MachCode]
[Entry Point]
  # {method} {0x00000268da156b88} 'computeIfAbsent' '(Ljava/lang/Object;Ljava/util/function/Function;)Ljava/lang/Object;' in 'java/util/HashMap'
  # this:     rdx:rdx   = 'java/util/HashMap'
  # parm0:    r8:r8     = 'java/lang/Object'
  # parm1:    r9:r9     = 'java/util/function/Function'
  #           [sp+0x100]  (sp of caller)
  0x00000268c88c3500: 448b 5208 | 49c1 e203 

  0x00000268c88c3508: ;   {runtime_call ic_miss_stub}
  0x00000268c88c3508: 4c3b d00f | 856f e047 | 0766 6666 | 0f1f 8400 | 0000 0000 | 6666 6690 
[Verified Entry Point]
  0x00000268c88c3520: 8984 2400 | 90ff ff55 | 4881 ecf0 | 0000 0048 | 8954 2460 | 4c89 4424 

  0x00000268c88c3538: ;   {metadata(method data for {method} {0x00000268da156b88} 'computeIfAbsent' '(Ljava/lang/Object;Ljava/util/function/Function;)Ljava/lang/Object;' in 'java/util/HashMap')}
  0x00000268c88c3538: 6848 be38 | e390 da68 | 0200 008b | becc 0000 | 0083 c702 | 89be cc00 | 0000 81e7 | fe07 0000 
  0x00000268c88c3558: 83ff 000f | 8430 1200 | 0049 83f9 

  0x00000268c88c3564: ;   {metadata(method data for {method} {0x00000268da156b88} 'computeIfAbsent' '(Ljava/lang/Object;Ljava/util/function/Function;)Ljava/lang/Object;' in 'java/util/HashMap')}
  0x00000268c88c3564: 0048 be38 | e390 da68 | 0200 0048 | bf20 0100 | 0000 0000 | 000f 840a | 0000 0048 | bf10 0100 
  0x00000268c88c3584: 0000 0000 | 0048 8b1c | 3e48 8d5b | 0148 891c | 3e0f 8466 

  0x00000268c88c3598: ;   {metadata(method data for {method} {0x00000268da156b88} 'computeIfAbsent' '(Ljava/lang/Object;Ljava/util/function/Function;)Ljava/lang/Object;' in 'java/util/HashMap')}
  0x00000268c88c3598: 1100 0048 | be38 e390 | da68 0200 | 0048 8386 | 4001 0000 

  0x00000268c88c35ac: ;   {metadata(method data for {method} {0x00000268da154e70} 'hash' '(Ljava/lang/Object;)I' in 'java/util/HashMap')}
  0x00000268c88c35ac: 0148 beb8 | c73c da68 | 0200 008b | becc 0000 | 0083 c702 | 89be cc00 | 0000 81e7 | feff 1f00 
  0x00000268c88c35cc: 83ff 000f | 84dd 1100 | 0049 83f8 

  0x00000268c88c35d8: ;   {metadata(method data for {method} {0x00000268da154e70} 'hash' '(Ljava/lang/Object;)I' in 'java/util/HashMap')}
  0x00000268c88c35d8: 0048 beb8 | c73c da68 | 0200 0048 | bf10 0100 | 0000 0000 | 000f 850a | 0000 0048 | bf20 0100 
  0x00000268c88c35f8: 0000 0000 | 0048 8b1c | 3e48 8d5b | 0148 891c | 3e0f 851f 

  0x00000268c88c360c: ;   {metadata(method data for {method} {0x00000268da154e70} 'hash' '(Ljava/lang/Object;)I' in 'java/util/HashMap')}
  0x00000268c88c360c: 0000 0048 | beb8 c73c | da68 0200 | 00ff 8630 | 0100 00be | 0000 0000 | 4c89 4c24 | 70e9 ba00 
  0x00000268c88c362c: 0000 4c89 | 4c24 7049 | 3b00 498b 

  0x00000268c88c3638: ;   {metadata(method data for {method} {0x00000268da154e70} 'hash' '(Ljava/lang/Object;)I' in 'java/util/HashMap')}
  0x00000268c88c3638: f048 bfb8 | c73c da68 | 0200 008b | 7608 48c1 | e603 483b | b758 0100 | 0075 0d48 | 8387 6001 
  0x00000268c88c3658: 0000 01e9 | 6600 0000 | 483b b768 | 0100 0075 | 0d48 8387 | 7001 0000 | 01e9 5000 | 0000 4881 
  0x00000268c88c3678: bf58 0100 | 0000 0000 | 0075 1748 | 89b7 5801 | 0000 48c7 | 8760 0100 | 0001 0000 | 00e9 2c00 
  0x00000268c88c3698: 0000 4881 | bf68 0100 | 0000 0000 | 0075 1748 | 89b7 6801 | 0000 48c7 | 8770 0100 | 0001 0000 
  0x00000268c88c36b8: 00e9 0800 | 0000 4883 | 8748 0100 | 0001 498b | d00f 1f40 | 0048 b858 | 1b04 0001 

  0x00000268c88c36d4: ;   {virtual_call}
  0x00000268c88c36d4: 0000 00e8 

  0x00000268c88c36d8: ; ImmutableOopMap {[112]=Oop [104]=Oop [96]=Oop }
                      ;*invokevirtual hashCode {reexecute=0 rethrow=0 return_oop=0}
                      ; - java.util.HashMap::hash@9
                      ; - java.util.HashMap::computeIfAbsent@13
  0x00000268c88c36d8: 84c9 4707 | 488b d0c1 | ea10 4833 | d048 8bf2 | 488b 5424 | 608b 7a14 | 8b5a 1c3b 

  0x00000268c88c36f4: ;   {metadata(method data for {method} {0x00000268da156b88} 'computeIfAbsent' '(Ljava/lang/Object;Ljava/util/function/Function;)Ljava/lang/Object;' in 'java/util/HashMap')}
  0x00000268c88c36f4: fb48 bf38 | e390 da68 | 0200 0048 | bb50 0100 | 0000 0000 | 000f 8f0a | 0000 0048 | bb60 0100 
  0x00000268c88c3714: 0000 0000 | 0048 8b04 | 1f48 8d40 | 0148 8904 | 1f0f 8f82 | 0000 008b | 7a24 4883 

  0x00000268c88c3730: ;   {metadata(method data for {method} {0x00000268da156b88} 'computeIfAbsent' '(Ljava/lang/Object;Ljava/util/function/Function;)Ljava/lang/Object;' in 'java/util/HashMap')}
  0x00000268c88c3730: ff00 48bb | 38e3 90da | 6802 0000 | 48b8 7001 | 0000 0000 | 0000 0f84 | 0a00 0000 | 48b8 8001 
  0x00000268c88c3750: 0000 0000 | 0000 488b | 0c03 488d | 4901 4889 | 0c03 0f84 | 4500 0000 

  0x00000268c88c3768: ; implicit exception: dispatches to 0x00000268c88c47d8
  0x00000268c88c3768: 8b5f 0c83 

  0x00000268c88c376c: ;   {metadata(method data for {method} {0x00000268da156b88} 'computeIfAbsent' '(Ljava/lang/Object;Ljava/util/function/Function;)Ljava/lang/Object;' in 'java/util/HashMap')}
  0x00000268c88c376c: fb00 48b8 | 38e3 90da | 6802 0000 | 48b9 a001 | 0000 0000 | 0000 0f84 | 0a00 0000 | 48b9 9001 
  0x00000268c88c378c: 0000 0000 | 0000 4c8b | 0408 4d8d | 4001 4c89 | 0408 0f84 | 0900 0000 | 8974 2478 | e931 0000 
  0x00000268c88c37ac: 0089 7424 | 7848 8bfa 

  0x00000268c88c37b4: ;   {metadata(method data for {method} {0x00000268da156b88} 'computeIfAbsent' '(Ljava/lang/Object;Ljava/util/function/Function;)Ljava/lang/Object;' in 'java/util/HashMap')}
  0x00000268c88c37b4: 48bb 38e3 | 90da 6802 | 0000 4883 | 83b0 0100 | 0001 488b | fa48 8bd7 

  0x00000268c88c37cc: ;   {optimized virtual_call}
  0x00000268c88c37cc: 6666 90e8 

  0x00000268c88c37d0: ; ImmutableOopMap {[112]=Oop [104]=Oop [96]=Oop }
                      ;*invokevirtual resize {reexecute=0 rethrow=0 return_oop=0}
                      ; - java.util.HashMap::computeIfAbsent@57
  0x00000268c88c37d0: 8c32 a107 

  0x00000268c88c37d4: ; implicit exception: dispatches to 0x00000268c88c47dd
  0x00000268c88c37d4: 448b 400c | 498b d848 | 8bf8 ffcb | 235c 2478 | 895c 247c 

  0x00000268c88c37e8: ; implicit exception: dispatches to 0x00000268c88c47e2
  0x00000268c88c37e8: 3b5f 0c0f | 83fb 0f00 | 004c 63c3 | 428b 7487 | 1048 83fe 

  0x00000268c88c37fc: ;   {metadata(method data for {method} {0x00000268da156b88} 'computeIfAbsent' '(Ljava/lang/Object;Ljava/util/function/Function;)Ljava/lang/Object;' in 'java/util/HashMap')}
  0x00000268c88c37fc: 0049 b838 | e390 da68 | 0200 0049 | b9f8 0100 | 0000 0000 | 000f 850a | 0000 0049 | b9e8 0100 
  0x00000268c88c381c: 0000 0000 | 004b 8b14 | 0848 8d52 | 014b 8914 | 080f 8547 

  0x00000268c88c3830: ;   {oop(NULL)}
  0x00000268c88c3830: 0000 0048 | b800 0000 | 0000 0000 

  0x00000268c88c383c: ;   {oop(NULL)}
  0x00000268c88c383c: 0048 b900 | 0000 0000 | 0000 0041 | b900 0000 | 0048 8984 | 24a8 0000 | 0048 898c | 24b0 0000 
  0x00000268c88c385c: 0044 898c | 24b8 0000 | 0048 89b4 | 2488 0000 | 0048 89bc | 2490 0000 | 00e9 7706 | 0000 4883 
  0x00000268c88c387c: fe00 7516 

  0x00000268c88c3880: ;   {metadata(method data for {method} {0x00000268da156b88} 'computeIfAbsent' '(Ljava/lang/Object;Ljava/util/function/Function;)Ljava/lang/Object;' in 'java/util/HashMap')}
  0x00000268c88c3880: 48ba 38e3 | 90da 6802 | 0000 808a | 0102 0000 | 01e9 c100 

  0x00000268c88c3894: ;   {metadata('java/util/HashMap$TreeNode')}
  0x00000268c88c3894: 0000 48b8 | 400e 0600 | 0100 0000 | 448b 4e08 | 49c1 e103 | 493b c10f | 858a 0000 

  0x00000268c88c38b0: ;   {metadata(method data for {method} {0x00000268da156b88} 'computeIfAbsent' '(Ljava/lang/Object;Ljava/util/function/Function;)Ljava/lang/Object;' in 'java/util/HashMap')}
  0x00000268c88c38b0: 0048 ba38 | e390 da68 | 0200 008b | 4608 48c1 | e003 483b | 8218 0200 | 0075 0d48 | 8382 2002 
  0x00000268c88c38d0: 0000 01e9 | 8400 0000 | 483b 8228 | 0200 0075 | 0d48 8382 | 3002 0000 | 01e9 6e00 | 0000 4881 
  0x00000268c88c38f0: ba18 0200 | 0000 0000 | 0075 1748 | 8982 1802 | 0000 48c7 | 8220 0200 | 0001 0000 | 00e9 4a00 
  0x00000268c88c3910: 0000 4881 | ba28 0200 | 0000 0000 | 0075 1748 | 8982 2802 | 0000 48c7 | 8230 0200 | 0001 0000 
  0x00000268c88c3930: 00e9 2600 | 0000 e921 

  0x00000268c88c3938: ;   {metadata(method data for {method} {0x00000268da156b88} 'computeIfAbsent' '(Ljava/lang/Object;Ljava/util/function/Function;)Ljava/lang/Object;' in 'java/util/HashMap')}
  0x00000268c88c3938: 0000 0048 | ba38 e390 | da68 0200 | 0048 83aa | 0802 0000 | 01e9 0500 | 0000 e905 | 0000 004d 
  0x00000268c88c3958: 33c0 eb0a | 49b8 0100 | 0000 0000 | 0000 4183 

  0x00000268c88c3968: ;   {metadata(method data for {method} {0x00000268da156b88} 'computeIfAbsent' '(Ljava/lang/Object;Ljava/util/function/Function;)Ljava/lang/Object;' in 'java/util/HashMap')}
  0x00000268c88c3968: f800 49b8 | 38e3 90da | 6802 0000 | 49b9 4002 | 0000 0000 | 0000 0f84 | 0a00 0000 | 49b9 5002 
  0x00000268c88c3988: 0000 0000 | 0000 4b8b | 1408 488d | 5201 4b89 | 1408 0f84 | c701 0000 | 4889 bc24 | 9000 0000 
  0x00000268c88c39a8: 4883 fe00 

  0x00000268c88c39ac: ;   {metadata(method data for {method} {0x00000268da156b88} 'computeIfAbsent' '(Ljava/lang/Object;Ljava/util/function/Function;)Ljava/lang/Object;' in 'java/util/HashMap')}
  0x00000268c88c39ac: 7517 49b9 | 38e3 90da | 6802 0000 | 4180 8959 | 0200 0001 | e9c1 0000 

  0x00000268c88c39c4: ;   {metadata('java/util/HashMap$TreeNode')}
  0x00000268c88c39c4: 0048 ba40 | 0e06 0001 | 0000 0044 | 8b46 0849 | c1e0 0349 | 3bd0 0f85 | 8a00 0000 

  0x00000268c88c39e0: ;   {metadata(method data for {method} {0x00000268da156b88} 'computeIfAbsent' '(Ljava/lang/Object;Ljava/util/function/Function;)Ljava/lang/Object;' in 'java/util/HashMap')}
  0x00000268c88c39e0: 49b9 38e3 | 90da 6802 | 0000 8b56 | 0848 c1e2 | 0349 3b91 | 7002 0000 | 750d 4983 | 8178 0200 
  0x00000268c88c3a00: 0001 e97f | 0000 0049 | 3b91 8002 | 0000 750d | 4983 8188 | 0200 0001 | e969 0000 | 0049 81b9 
  0x00000268c88c3a20: 7002 0000 | 0000 0000 | 7517 4989 | 9170 0200 | 0049 c781 | 7802 0000 | 0100 0000 | e945 0000 
  0x00000268c88c3a40: 0049 81b9 | 8002 0000 | 0000 0000 | 7517 4989 | 9180 0200 | 0049 c781 | 8802 0000 | 0100 0000 
  0x00000268c88c3a60: e921 0000 | 00e9 1c00 

  0x00000268c88c3a68: ;   {metadata(method data for {method} {0x00000268da156b88} 'computeIfAbsent' '(Ljava/lang/Object;Ljava/util/function/Function;)Ljava/lang/Object;' in 'java/util/HashMap')}
  0x00000268c88c3a68: 0000 49b9 | 38e3 90da | 6802 0000 | 4983 a960 | 0200 0001 | e979 0d00 | 00e9 0000 | 0000 488b 
  0x00000268c88c3a88: c648 3b00 

  0x00000268c88c3a8c: ;   {metadata(method data for {method} {0x00000268da156b88} 'computeIfAbsent' '(Ljava/lang/Object;Ljava/util/function/Function;)Ljava/lang/Object;' in 'java/util/HashMap')}
  0x00000268c88c3a8c: 4c8b c049 | b938 e390 | da68 0200 | 0045 8b40 | 0849 c1e0 | 034d 3b81 | a802 0000 | 750d 4983 
  0x00000268c88c3aac: 81b0 0200 | 0001 e966 | 0000 004d | 3b81 b802 | 0000 750d | 4983 81c0 | 0200 0001 | e950 0000 
  0x00000268c88c3acc: 0049 81b9 | a802 0000 | 0000 0000 | 7517 4d89 | 81a8 0200 | 0049 c781 | b002 0000 | 0100 0000 
  0x00000268c88c3aec: e92c 0000 | 0049 81b9 | b802 0000 | 0000 0000 | 7517 4d89 | 81b8 0200 | 0049 c781 | c002 0000 
  0x00000268c88c3b0c: 0100 0000 | e908 0000 | 0049 8381 | 9802 0000 | 0144 8b44 | 2478 4c8b | 4c24 6848 | 8bd0 4889 
  0x00000268c88c3b2c: b424 8800 | 0000 4889 | 8424 8000 | 0000 0f1f 

  0x00000268c88c3b3c: ;   {optimized virtual_call}
  0x00000268c88c3b3c: 4400 00e8 

  0x00000268c88c3b40: ; ImmutableOopMap {[112]=Oop [104]=Oop [96]=Oop [136]=Oop [144]=Oop [128]=Oop }
                      ;*invokevirtual getTreeNode {reexecute=0 rethrow=0 return_oop=0}
                      ; - java.util.HashMap::computeIfAbsent@102
  0x00000268c88c3b40: bcdf 4707 

  0x00000268c88c3b44: ;   {metadata(method data for {method} {0x00000268da156b88} 'computeIfAbsent' '(Ljava/lang/Object;Ljava/util/function/Function;)Ljava/lang/Object;' in 'java/util/HashMap')}
  0x00000268c88c3b44: 49b8 38e3 | 90da 6802 | 0000 41ff | 80d0 0200 | 0048 8bb4 | 2480 0000 | 00bf 0000 | 0000 e9d2 
  0x00000268c88c3b64: 0200 0048 | 89b4 2488 | 0000 0048 | 89bc 2490 | 0000 0048 | 8bb4 2488 | 0000 00bf | 0000 0000 
  0x00000268c88c3b84: 0f1f 4000 | 89bc 2498 | 0000 008b | 7c24 784c | 8b44 2468 

  0x00000268c88c3b98: ; implicit exception: dispatches to 0x00000268c88c4808
  0x00000268c88c3b98: 8b56 0c3b 

  0x00000268c88c3b9c: ;   {metadata(method data for {method} {0x00000268da156b88} 'computeIfAbsent' '(Ljava/lang/Object;Ljava/util/function/Function;)Ljava/lang/Object;' in 'java/util/HashMap')}
  0x00000268c88c3b9c: d748 ba38 | e390 da68 | 0200 0048 | b8f8 0200 | 0000 0000 | 000f 840a | 0000 0048 | b8e8 0200 
  0x00000268c88c3bbc: 0000 0000 | 0048 8b0c | 0248 8d49 | 0148 890c | 020f 8409 | 0000 0089 | 7c24 78e9 | 7901 0000 
  0x00000268c88c3bdc: 8b56 1049 

  0x00000268c88c3be0: ;   {metadata(method data for {method} {0x00000268da156b88} 'computeIfAbsent' '(Ljava/lang/Object;Ljava/util/function/Function;)Ljava/lang/Object;' in 'java/util/HashMap')}
  0x00000268c88c3be0: 3bd0 48b8 | 38e3 90da | 6802 0000 | 48b9 0803 | 0000 0000 | 0000 0f84 | 0a00 0000 | 48b9 1803 
  0x00000268c88c3c00: 0000 0000 | 0000 4c8b | 0c08 4d8d | 4901 4c89 | 0c08 0f84 | f801 0000 | 4983 f800 

  0x00000268c88c3c1c: ;   {metadata(method data for {method} {0x00000268da156b88} 'computeIfAbsent' '(Ljava/lang/Object;Ljava/util/function/Function;)Ljava/lang/Object;' in 'java/util/HashMap')}
  0x00000268c88c3c1c: 48b8 38e3 | 90da 6802 | 0000 48b9 | 3803 0000 | 0000 0000 | 0f85 0a00 | 0000 48b9 | 2803 0000 
  0x00000268c88c3c3c: 0000 0000 | 4c8b 0c08 | 4d8d 4901 | 4c89 0c08 | 0f85 0900 | 0000 897c | 2478 e9fa | 0000 0048 
  0x00000268c88c3c5c: 89b4 24a0 | 0000 0089 | 7c24 7849 | 3b00 498b 

  0x00000268c88c3c6c: ;   {metadata(method data for {method} {0x00000268da156b88} 'computeIfAbsent' '(Ljava/lang/Object;Ljava/util/function/Function;)Ljava/lang/Object;' in 'java/util/HashMap')}
  0x00000268c88c3c6c: c048 b938 | e390 da68 | 0200 008b | 4008 48c1 | e003 483b | 8158 0300 | 0075 0d48 | 8381 6003 
  0x00000268c88c3c8c: 0000 01e9 | 6600 0000 | 483b 8168 | 0300 0075 | 0d48 8381 | 7003 0000 | 01e9 5000 | 0000 4881 
  0x00000268c88c3cac: b958 0300 | 0000 0000 | 0075 1748 | 8981 5803 | 0000 48c7 | 8160 0300 | 0001 0000 | 00e9 2c00 
  0x00000268c88c3ccc: 0000 4881 | b968 0300 | 0000 0000 | 0075 1748 | 8981 6803 | 0000 48c7 | 8170 0300 | 0001 0000 
  0x00000268c88c3cec: 00e9 0800 | 0000 4883 | 8148 0300 | 0001 498b | c04c 8bc2 | 488b d066 | 9048 b858 | 1b04 0001 
  0x00000268c88c3d0c: ;   {virtual_call}
  0x00000268c88c3d0c: 0000 00e8 

  0x00000268c88c3d10: ; ImmutableOopMap {[112]=Oop [96]=Oop [136]=Oop [144]=Oop [160]=Oop [104]=Oop }
                      ;*invokevirtual equals {reexecute=0 rethrow=0 return_oop=0}
                      ; - java.util.HashMap::computeIfAbsent@142
  0x00000268c88c3d10: ec2b 9e07 

  0x00000268c88c3d14: ;   {metadata(method data for {method} {0x00000268da156b88} 'computeIfAbsent' '(Ljava/lang/Object;Ljava/util/function/Function;)Ljava/lang/Object;' in 'java/util/HashMap')}
  0x00000268c88c3d14: 83f8 0049 | b838 e390 | da68 0200 | 0048 ba90 | 0300 0000 | 0000 000f | 850a 0000 | 0048 ba80 
  0x00000268c88c3d34: 0300 0000 | 0000 0049 | 8b34 1048 | 8d76 0149 | 8934 1048 | 8bb4 24a0 | 0000 000f | 85bf 0000 
  0x00000268c88c3d54: 008b bc24 | 9800 0000 | ffc7 448b | 4618 4983 | f800 ba02 | 0000 000f | 8505 0000 | 00ba 0000 
  0x00000268c88c3d74: ;   {metadata(method data for {method} {0x00000268da156b88} 'computeIfAbsent' '(Ljava/lang/Object;Ljava/util/function/Function;)Ljava/lang/Object;' in 'java/util/HashMap')}
  0x00000268c88c3d74: 0000 48be | 38e3 90da | 6802 0000 | 8b9e d000 | 0000 03da | 899e d000 | 0000 83fa | 000f 8505 
  0x00000268c88c3d94: 0000 00bb | 0200 0000 | 81e3 fe3f | 0000 83fb | 000f 8467 | 0a00 004d | 8b97 5803 

  0x00000268c88c3db0: ; ImmutableOopMap {[112]=Oop [96]=Oop [136]=Oop [144]=Oop [104]=Oop r8=Oop }
                      ;*ifnonnull {reexecute=1 rethrow=0 return_oop=0}
                      ; - (reexecute) java.util.HashMap::computeIfAbsent@166
                      ;   {poll}
  0x00000268c88c3db0: 0000 4185 | 0249 83f8 

  0x00000268c88c3db8: ;   {metadata(method data for {method} {0x00000268da156b88} 'computeIfAbsent' '(Ljava/lang/Object;Ljava/util/function/Function;)Ljava/lang/Object;' in 'java/util/HashMap')}
  0x00000268c88c3db8: 0048 ba38 | e390 da68 | 0200 0048 | bec8 0300 | 0000 0000 | 000f 840a | 0000 0048 | beb8 0300 
  0x00000268c88c3dd8: 0000 0000 | 0048 8b1c | 3248 8d5b | 0148 891c | 320f 8408 | 0000 0049 | 8bf0 e991 

  0x00000268c88c3df4: ;   {oop(NULL)}
  0x00000268c88c3df4: fdff ff48 | b800 0000 | 0000 0000 

  0x00000268c88c3e00: ;   {oop(NULL)}
  0x00000268c88c3e00: 0048 be00 | 0000 0000 | 0000 00e9 | 2900 0000 | 897c 2478 | 8bbc 2498 

  0x00000268c88c3e18: ;   {metadata(method data for {method} {0x00000268da156b88} 'computeIfAbsent' '(Ljava/lang/Object;Ljava/util/function/Function;)Ljava/lang/Object;' in 'java/util/HashMap')}
  0x00000268c88c3e18: 0000 0049 | b838 e390 | da68 0200 | 0041 ff80 | a003 0000 

  0x00000268c88c3e2c: ;   {oop(NULL)}
  0x00000268c88c3e2c: 488b c648 | be00 0000 | 0000 0000 | 0048 83f8 

  0x00000268c88c3e3c: ;   {metadata(method data for {method} {0x00000268da156b88} 'computeIfAbsent' '(Ljava/lang/Object;Ljava/util/function/Function;)Ljava/lang/Object;' in 'java/util/HashMap')}
  0x00000268c88c3e3c: 0049 b838 | e390 da68 | 0200 0048 | bae8 0300 | 0000 0000 | 000f 850a | 0000 0048 | bad8 0300 
  0x00000268c88c3e5c: 0000 0000 | 0049 8b1c | 1048 8d5b | 0149 891c | 100f 8523 | 0000 0048 | 8bce 4c8b | cf48 8984 
  0x00000268c88c3e7c: 24a8 0000 | 0048 898c | 24b0 0000 | 0044 898c | 24b8 0000 | 00e9 5b00 | 0000 8b58 | 1448 83fb 
  0x00000268c88c3e9c: ;   {metadata(method data for {method} {0x00000268da156b88} 'computeIfAbsent' '(Ljava/lang/Object;Ljava/util/function/Function;)Ljava/lang/Object;' in 'java/util/HashMap')}
  0x00000268c88c3e9c: 0049 b838 | e390 da68 | 0200 0048 | ba08 0400 | 0000 0000 | 000f 850a | 0000 0048 | baf8 0300 
  0x00000268c88c3ebc: 0000 0000 | 0049 8b0c | 1048 8d49 | 0149 890c | 100f 8517 | 0700 0048 | 8bce 4c8b | cf48 8984 
  0x00000268c88c3edc: 24a8 0000 | 0048 898c | 24b0 0000 | 0044 898c | 24b8 0000 | 004c 8b4c | 2470 488b | 5424 608b 
  0x00000268c88c3efc: 7a18 89bc | 249c 0000 | 0049 3b01 

  0x00000268c88c3f08: ;   {metadata(method data for {method} {0x00000268da156b88} 'computeIfAbsent' '(Ljava/lang/Object;Ljava/util/function/Function;)Ljava/lang/Object;' in 'java/util/HashMap')}
  0x00000268c88c3f08: 4d8b c148 | bb38 e390 | da68 0200 | 0045 8b40 | 0849 c1e0 | 034c 3b83 | 6004 0000 | 750d 4883 
  0x00000268c88c3f28: 8368 0400 | 0001 e966 | 0000 004c | 3b83 7004 | 0000 750d | 4883 8378 | 0400 0001 | e950 0000 
  0x00000268c88c3f48: 0048 81bb | 6004 0000 | 0000 0000 | 7517 4c89 | 8360 0400 | 0048 c783 | 6804 0000 | 0100 0000 
  0x00000268c88c3f68: e92c 0000 | 0048 81bb | 7004 0000 | 0000 0000 | 7517 4c89 | 8370 0400 | 0048 c783 | 7804 0000 
  0x00000268c88c3f88: 0100 0000 | e908 0000 | 0048 8383 | 5004 0000 | 014c 8b44 | 2468 498b | d10f 1f40 | 0048 b8ff 
  0x00000268c88c3fa8: ffff ffff 

  0x00000268c88c3fac: ;   {virtual_call}
  0x00000268c88c3fac: ffff ffe8 

  0x00000268c88c3fb0: ; ImmutableOopMap {[136]=Oop [144]=Oop [104]=Oop [168]=Oop [176]=Oop [96]=Oop }
                      ;*invokeinterface apply {reexecute=0 rethrow=0 return_oop=0}
                      ; - java.util.HashMap::computeIfAbsent@202
  0x00000268c88c3fb0: 6cbb 4707 | 4889 8424 | c000 0000 | 488b 5424 | 6044 8b42 | 188b bc24 | 9c00 0000 

  0x00000268c88c3fcc: ;   {metadata(method data for {method} {0x00000268da156b88} 'computeIfAbsent' '(Ljava/lang/Object;Ljava/util/function/Function;)Ljava/lang/Object;' in 'java/util/HashMap')}
  0x00000268c88c3fcc: 413b f849 | b838 e390 | da68 0200 | 0049 b998 | 0400 0000 | 0000 000f | 850a 0000 | 0049 b988 
  0x00000268c88c3fec: 0400 0000 | 0000 004b | 8b34 0848 | 8d76 014b | 8934 080f | 85b5 0600 | 0048 83f8 

  0x00000268c88c4008: ;   {metadata(method data for {method} {0x00000268da156b88} 'computeIfAbsent' '(Ljava/lang/Object;Ljava/util/function/Function;)Ljava/lang/Object;' in 'java/util/HashMap')}
  0x00000268c88c4008: 0049 b838 | e390 da68 | 0200 0049 | b9c8 0400 | 0000 0000 | 000f 840a | 0000 0049 | b9b8 0400 
  0x00000268c88c4028: 0000 0000 | 004b 8b34 | 0848 8d76 | 014b 8934 | 080f 848b | 0500 0048 | 8bb4 24a8 | 0000 0048 
  0x00000268c88c4048: ;   {metadata(method data for {method} {0x00000268da156b88} 'computeIfAbsent' '(Ljava/lang/Object;Ljava/util/function/Function;)Ljava/lang/Object;' in 'java/util/HashMap')}
  0x00000268c88c4048: 83fe 0049 | b838 e390 | da68 0200 | 0049 b9e8 | 0400 0000 | 0000 000f | 850a 0000 | 0049 b9d8 
  0x00000268c88c4068: 0400 0000 | 0000 004b | 8b1c 0848 | 8d5b 014b | 891c 080f | 8569 0400 | 0048 8b9c | 24b0 0000 
  0x00000268c88c4088: 0048 83fb 

  0x00000268c88c408c: ;   {metadata(method data for {method} {0x00000268da156b88} 'computeIfAbsent' '(Ljava/lang/Object;Ljava/util/function/Function;)Ljava/lang/Object;' in 'java/util/HashMap')}
  0x00000268c88c408c: 0049 b838 | e390 da68 | 0200 0049 | b940 0500 | 0000 0000 | 000f 850a | 0000 0049 | b930 0500 
  0x00000268c88c40ac: 0000 0000 | 004b 8b34 | 0848 8d76 | 014b 8934 | 080f 856e | 0200 0048 | 8bb4 2488 | 0000 004c 
  0x00000268c88c40cc: ;   {metadata(method data for {method} {0x00000268da156b88} 'computeIfAbsent' '(Ljava/lang/Object;Ljava/util/function/Function;)Ljava/lang/Object;' in 'java/util/HashMap')}
  0x00000268c88c40cc: 8bc2 49bb | 38e3 90da | 6802 0000 | 458b 4008 | 49c1 e003 | 4d3b 83b0 | 0500 0075 | 0d49 8383 
  0x00000268c88c40ec: b805 0000 | 01e9 6600 | 0000 4d3b | 83c0 0500 | 0075 0d49 | 8383 c805 | 0000 01e9 | 5000 0000 
  0x00000268c88c410c: 4981 bbb0 | 0500 0000 | 0000 0075 | 174d 8983 | b005 0000 | 49c7 83b8 | 0500 0001 | 0000 00e9 
  0x00000268c88c412c: 2c00 0000 | 4981 bbc0 | 0500 0000 | 0000 0075 | 174d 8983 | c005 0000 | 49c7 83c8 | 0500 0001 
  0x00000268c88c414c: 0000 00e9 | 0800 0000 | 4983 83a0 | 0500 0001 | 448b 4424 | 784c 8b4c | 2468 488b | f84c 8bf2 
  0x00000268c88c416c: 498b d666 | 0f1f 4400 | 0048 b848 | f305 0001 

  0x00000268c88c417c: ;   {virtual_call}
  0x00000268c88c417c: 0000 00e8 

  0x00000268c88c4180: ; ImmutableOopMap {[96]=Oop [144]=Oop [192]=Oop }
                      ;*invokevirtual newNode {reexecute=0 rethrow=0 return_oop=0}
                      ; - java.util.HashMap::computeIfAbsent@286
  0x00000268c88c4180: dcb9 4707 | 488b bc24 | 9000 0000 | 4883 f800 

  0x00000268c88c4190: ;   {metadata(method data for {method} {0x00000268da156b88} 'computeIfAbsent' '(Ljava/lang/Object;Ljava/util/function/Function;)Ljava/lang/Object;' in 'java/util/HashMap')}
  0x00000268c88c4190: 7517 49b9 | 38e3 90da | 6802 0000 | 4180 89d1 | 0500 0001 | e9ed 0000 | 0044 8b47 | 0849 c1e0 
  0x00000268c88c41b0: 0344 8b48 | 0849 c1e1 | 034d 8b80 | e000 0000 | 4d3b c80f | 842e 0000 | 0041 8b50 | 144d 3b04 
  0x00000268c88c41d0: 110f 8420 | 0000 0083 | fa20 0f85 | 9f00 0000 | 4151 4150 

  0x00000268c88c41e4: ;   {runtime_call slow_subtype_check Runtime1 stub}
  0x00000268c88c41e4: e817 3252 | 0741 5941 | 5841 83f8 | 000f 8488 

  0x00000268c88c41f4: ;   {metadata(method data for {method} {0x00000268da156b88} 'computeIfAbsent' '(Ljava/lang/Object;Ljava/util/function/Function;)Ljava/lang/Object;' in 'java/util/HashMap')}
  0x00000268c88c41f4: 0000 0049 | b938 e390 | da68 0200 | 0044 8b40 | 0849 c1e0 | 034d 3b81 | e805 0000 | 750d 4983 
  0x00000268c88c4214: 81f0 0500 | 0001 e977 | 0000 004d | 3b81 f805 | 0000 750d | 4983 8100 | 0600 0001 | e961 0000 
  0x00000268c88c4234: 0049 81b9 | e805 0000 | 0000 0000 | 7517 4d89 | 81e8 0500 | 0049 c781 | f005 0000 | 0100 0000 
  0x00000268c88c4254: e93d 0000 | 0049 81b9 | f805 0000 | 0000 0000 | 7517 4d89 | 81f8 0500 | 0049 c781 | 0006 0000 
  0x00000268c88c4274: 0100 0000 | e919 0000 

  0x00000268c88c427c: ;   {metadata(method data for {method} {0x00000268da156b88} 'computeIfAbsent' '(Ljava/lang/Object;Ljava/util/function/Function;)Ljava/lang/Object;' in 'java/util/HashMap')}
  0x00000268c88c427c: 00eb 1749 | b938 e390 | da68 0200 | 0049 83a9 | d805 0000 | 01e9 ac05 | 0000 8b5c | 247c 4863 
  0x00000268c88c429c: db4c 8d44 | 9f10 4c8b | d045 8910 | 49c1 e809 | 49b9 0000 | eec4 6802 | 0000 43c6 | 0408 0044 
  0x00000268c88c42bc: 8b8c 24b8 | 0000 0041 

  0x00000268c88c42c4: ;   {metadata(method data for {method} {0x00000268da156b88} 'computeIfAbsent' '(Ljava/lang/Object;Ljava/util/function/Function;)Ljava/lang/Object;' in 'java/util/HashMap')}
  0x00000268c88c42c4: 83f9 0749 | b838 e390 | da68 0200 | 0049 b910 | 0600 0000 | 0000 000f | 8c0a 0000 | 0049 b920 
  0x00000268c88c42e4: 0600 0000 | 0000 004b | 8b14 0848 | 8d52 014b | 8914 080f | 8c08 0100 | 0048 8b54 

  0x00000268c88c4300: ;   {metadata(method data for {method} {0x00000268da156b88} 'computeIfAbsent' '(Ljava/lang/Object;Ljava/util/function/Function;)Ljava/lang/Object;' in 'java/util/HashMap')}
  0x00000268c88c4300: 2460 49b8 | 38e3 90da | 6802 0000 | 4983 8030 | 0600 0001 | 4c8b c744 | 8b4c 2478 | 488b 5424 
  0x00000268c88c4320: 6066 0f1f 

  0x00000268c88c4324: ;   {optimized virtual_call}
  0x00000268c88c4324: 4400 00e8 

  0x00000268c88c4328: ; ImmutableOopMap {[96]=Oop [192]=Oop }
                      ;*invokevirtual treeifyBin {reexecute=0 rethrow=0 return_oop=0}
                      ; - java.util.HashMap::computeIfAbsent@301
  0x00000268c88c4328: d4d7 4707 | e9d4 0000 | 0048 8bbc | 2490 0000 | 008b 7424 | 7848 8b4c | 2468 483b | 034c 8bc3 
  0x00000268c88c4348: ;   {metadata(method data for {method} {0x00000268da156b88} 'computeIfAbsent' '(Ljava/lang/Object;Ljava/util/function/Function;)Ljava/lang/Object;' in 'java/util/HashMap')}
  0x00000268c88c4348: 49b9 38e3 | 90da 6802 | 0000 458b | 4008 49c1 | e003 4d3b | 8160 0500 | 0075 0d49 | 8381 6805 
  0x00000268c88c4368: 0000 01e9 | 6600 0000 | 4d3b 8170 | 0500 0075 | 0d49 8381 | 7805 0000 | 01e9 5000 | 0000 4981 
  0x00000268c88c4388: b960 0500 | 0000 0000 | 0075 174d | 8981 6005 | 0000 49c7 | 8168 0500 | 0001 0000 | 00e9 2c00 
  0x00000268c88c43a8: 0000 4981 | b970 0500 | 0000 0000 | 0075 174d | 8981 7005 | 0000 49c7 | 8178 0500 | 0001 0000 
  0x00000268c88c43c8: 00e9 0800 | 0000 4983 | 8150 0500 | 0001 4c8b | 4424 604c | 8bcf 488b | fe48 8bf1 | 488b 8c24 
  0x00000268c88c43e8: c000 0000 

  0x00000268c88c43ec: ;   {optimized virtual_call}
  0x00000268c88c43ec: 488b d3e8 

  0x00000268c88c43f0: ; ImmutableOopMap {[96]=Oop [192]=Oop }
                      ;*invokevirtual putTreeVal {reexecute=0 rethrow=0 return_oop=0}
                      ; - java.util.HashMap::computeIfAbsent@268
  0x00000268c88c43f0: 0cd7 4707 

  0x00000268c88c43f4: ;   {metadata(method data for {method} {0x00000268da156b88} 'computeIfAbsent' '(Ljava/lang/Object;Ljava/util/function/Function;)Ljava/lang/Object;' in 'java/util/HashMap')}
  0x00000268c88c43f4: 49b8 38e3 | 90da 6802 | 0000 41ff | 8088 0500 | 008b bc24 | 9c00 0000 | 488b 5424 | 60ff c789 
  0x00000268c88c4414: 7a18 448b | 4214 41ff | c044 8942 | 144c 8bc2 

  0x00000268c88c4424: ;   {metadata(method data for {method} {0x00000268da156b88} 'computeIfAbsent' '(Ljava/lang/Object;Ljava/util/function/Function;)Ljava/lang/Object;' in 'java/util/HashMap')}
  0x00000268c88c4424: 48be 38e3 | 90da 6802 | 0000 458b | 4008 49c1 | e003 4c3b | 8678 0600 | 0075 0d48 | 8386 8006 
  0x00000268c88c4444: 0000 01e9 | 6600 0000 | 4c3b 8688 | 0600 0075 | 0d48 8386 | 9006 0000 | 01e9 5000 | 0000 4881 
  0x00000268c88c4464: be78 0600 | 0000 0000 | 0075 174c | 8986 7806 | 0000 48c7 | 8680 0600 | 0001 0000 | 00e9 2c00 
  0x00000268c88c4484: 0000 4881 | be88 0600 | 0000 0000 | 0075 174c | 8986 8806 | 0000 48c7 | 8690 0600 | 0001 0000 
  0x00000268c88c44a4: 00e9 0800 | 0000 4883 | 8668 0600 | 0001 41b8 | 0100 0000 | 0f1f 4400 | 0048 b848 | f305 0001 
  0x00000268c88c44c4: ;   {virtual_call}
  0x00000268c88c44c4: 0000 00e8 

  0x00000268c88c44c8: ; ImmutableOopMap {[192]=Oop }
                      ;*invokevirtual afterNodeInsertion {reexecute=0 rethrow=0 return_oop=0}
                      ; - java.util.HashMap::computeIfAbsent@324
  0x00000268c88c44c8: d4b6 4707 | 488b 8424 | c000 0000 | 4881 c4f0 | 0000 005d 

  0x00000268c88c44dc: ;   {poll_return}
  0x00000268c88c44dc: 493b a750 | 0300 000f | 8767 0300 | 00c3 4c8b | d044 8956 | 144c 8bc6 | 49c1 e809 | 48bf 0000 
  0x00000268c88c44fc: eec4 6802 | 0000 41c6 | 0438 004c 

  0x00000268c88c4508: ;   {metadata(method data for {method} {0x00000268da156b88} 'computeIfAbsent' '(Ljava/lang/Object;Ljava/util/function/Function;)Ljava/lang/Object;' in 'java/util/HashMap')}
  0x00000268c88c4508: 8bc2 48bf | 38e3 90da | 6802 0000 | 458b 4008 | 49c1 e003 | 4c3b 8708 | 0500 0075 | 0d48 8387 
  0x00000268c88c4528: 1005 0000 | 01e9 6600 | 0000 4c3b | 8718 0500 | 0075 0d48 | 8387 2005 | 0000 01e9 | 5000 0000 
  0x00000268c88c4548: 4881 bf08 | 0500 0000 | 0000 0075 | 174c 8987 | 0805 0000 | 48c7 8710 | 0500 0001 | 0000 00e9 
  0x00000268c88c4568: 2c00 0000 | 4881 bf18 | 0500 0000 | 0000 0075 | 174c 8987 | 1805 0000 | 48c7 8720 | 0500 0001 
  0x00000268c88c4588: 0000 00e9 | 0800 0000 | 4883 87f8 | 0400 0001 | 4c8b c666 | 9048 b8ff | ffff ffff 

  0x00000268c88c45a4: ;   {virtual_call}
  0x00000268c88c45a4: ffff ffe8 

  0x00000268c88c45a8: ; ImmutableOopMap {[192]=Oop }
                      ;*invokevirtual afterNodeAccess {reexecute=0 rethrow=0 return_oop=0}
                      ; - java.util.HashMap::computeIfAbsent@248
  0x00000268c88c45a8: d4da 4707 | 488b 8424 | c000 0000 | 4881 c4f0 | 0000 005d 

  0x00000268c88c45bc: ;   {poll_return}
  0x00000268c88c45bc: 493b a750 | 0300 000f | 87a2 0200 

  0x00000268c88c45c8: ;   {oop(NULL)}
  0x00000268c88c45c8: 00c3 48b8 | 0000 0000 | 0000 0000 | 4881 c4f0 | 0000 005d 

  0x00000268c88c45dc: ;   {poll_return}
  0x00000268c88c45dc: 493b a750 | 0300 000f | 8798 0200 | 00c3 4889 | 9c24 c800 | 0000 488b | 5424 604c 

  0x00000268c88c45f8: ;   {metadata(method data for {method} {0x00000268da156b88} 'computeIfAbsent' '(Ljava/lang/Object;Ljava/util/function/Function;)Ljava/lang/Object;' in 'java/util/HashMap')}
  0x00000268c88c45f8: 8bc2 48be | 38e3 90da | 6802 0000 | 458b 4008 | 49c1 e003 | 4c3b 8628 | 0400 0075 | 0d48 8386 
  0x00000268c88c4618: 3004 0000 | 01e9 6600 | 0000 4c3b | 8638 0400 | 0075 0d48 | 8386 4004 | 0000 01e9 | 5000 0000 
  0x00000268c88c4638: 4881 be28 | 0400 0000 | 0000 0075 | 174c 8986 | 2804 0000 | 48c7 8630 | 0400 0001 | 0000 00e9 
  0x00000268c88c4658: 2c00 0000 | 4881 be38 | 0400 0000 | 0000 0075 | 174c 8986 | 3804 0000 | 48c7 8640 | 0400 0001 
  0x00000268c88c4678: 0000 00e9 | 0800 0000 | 4883 8618 | 0400 0001 | 4c8b c066 | 9048 b8ff | ffff ffff 

  0x00000268c88c4694: ;   {virtual_call}
  0x00000268c88c4694: ffff ffe8 

  0x00000268c88c4698: ; ImmutableOopMap {[200]=Oop }
                      ;*invokevirtual afterNodeAccess {reexecute=0 rethrow=0 return_oop=0}
                      ; - java.util.HashMap::computeIfAbsent@188
  0x00000268c88c4698: 44b5 4707 | 488b 8424 | c800 0000 | 4881 c4f0 | 0000 005d 

  0x00000268c88c46ac: ;   {poll_return}
  0x00000268c88c46ac: 493b a750 | 0300 000f | 87de 0100 | 00c3 660f | 1f44 0000 

  0x00000268c88c46c0: ;   {no_reloc}
  0x00000268c88c46c0: e9f7 0100 | 0000 0000 | 0000 e9f7 | 0100 0048 

  0x00000268c88c46d0: ;   {metadata(method data for {method} {0x00000268da156b88} 'computeIfAbsent' '(Ljava/lang/Object;Ljava/util/function/Function;)Ljava/lang/Object;' in 'java/util/HashMap')}
  0x00000268c88c46d0: 8bd0 48be | 38e3 90da | 6802 0000 | 4883 86a8 | 0400 0001 | 488b d048 | 8984 24d0 

  0x00000268c88c46ec: ;   {optimized virtual_call}
  0x00000268c88c46ec: 0000 00e8 

  0x00000268c88c46f0: ; ImmutableOopMap {[208]=Oop }
                      ;*invokespecial <init> {reexecute=0 rethrow=0 return_oop=0}
                      ; - java.util.HashMap::computeIfAbsent@222
  0x00000268c88c46f0: 0cd4 4707 | 488b 8424 | d000 0000 | e917 0200 | 000f 1f80 | 0000 0000 

  0x00000268c88c4708: ;   {no_reloc}
  0x00000268c88c4708: e9d5 0100 | 0000 0000 | 0000 498b | 8708 0100 | 0048 8d78 | 3049 3bbf | 1801 0000 | 0f87 c201 
  0x00000268c88c4728: 0000 4989 | bf08 0100 | 0048 c700 | 0100 0000 | 488b ca48 | c1e9 0389 | 4808 4833 | c989 480c 
  0x00000268c88c4748: 4833 c948 | 8948 1048 | 8948 1848 | 8948 2048 | 8948 2848 

  0x00000268c88c475c: ;   {metadata(method data for {method} {0x00000268da156b88} 'computeIfAbsent' '(Ljava/lang/Object;Ljava/util/function/Function;)Ljava/lang/Object;' in 'java/util/HashMap')}
  0x00000268c88c475c: 8bd0 48be | 38e3 90da | 6802 0000 | 4883 8630 | 0100 0001 | 488b d048 | 8984 24d8 | 0000 000f 
  0x00000268c88c477c: ;   {optimized virtual_call}
  0x00000268c88c477c: 1f40 00e8 

  0x00000268c88c4780: ; ImmutableOopMap {[216]=Oop }
                      ;*invokespecial <init> {reexecute=0 rethrow=0 return_oop=0}
                      ; - java.util.HashMap::computeIfAbsent@8
  0x00000268c88c4780: 7cd3 4707 | 488b 8424 | d800 0000 | e987 0100 

  0x00000268c88c4790: ;   {metadata({method} {0x00000268da156b88} 'computeIfAbsent' '(Ljava/lang/Object;Ljava/util/function/Function;)Ljava/lang/Object;' in 'java/util/HashMap')}
  0x00000268c88c4790: 0049 ba80 | 6b15 da68 | 0200 004c | 8954 2408 | 48c7 0424 | ffff ffff 

  0x00000268c88c47a8: ;   {runtime_call counter_overflow Runtime1 stub}
  0x00000268c88c47a8: e8d3 5c52 

  0x00000268c88c47ac: ; ImmutableOopMap {rdx=Oop [96]=Oop r8=Oop [104]=Oop r9=Oop }
                      ;*synchronization entry
                      ; - java.util.HashMap::computeIfAbsent@-1
  0x00000268c88c47ac: 07e9 afed 

  0x00000268c88c47b0: ;   {metadata({method} {0x00000268da154e70} 'hash' '(Ljava/lang/Object;)I' in 'java/util/HashMap')}
  0x00000268c88c47b0: ffff 49ba | 684e 15da | 6802 0000 | 4c89 5424 | 0848 c704 | 24ff ffff 

  0x00000268c88c47c8: ;   {runtime_call counter_overflow Runtime1 stub}
  0x00000268c88c47c8: ffe8 b25c 

  0x00000268c88c47cc: ; ImmutableOopMap {rdx=Oop [96]=Oop r8=Oop [104]=Oop r9=Oop }
                      ;*synchronization entry
                      ; - java.util.HashMap::hash@-1
                      ; - java.util.HashMap::computeIfAbsent@13
  0x00000268c88c47cc: 5207 e902 

  0x00000268c88c47d0: ;   {runtime_call throw_null_pointer_exception Runtime1 stub}
  0x00000268c88c47d0: eeff ffe8 

  0x00000268c88c47d4: ; ImmutableOopMap {r8=Oop [104]=Oop [96]=Oop [112]=Oop }
                      ;*invokevirtual hashCode {reexecute=0 rethrow=0 return_oop=0}
                      ; - java.util.HashMap::hash@9
                      ; - java.util.HashMap::computeIfAbsent@13
  0x00000268c88c47d4: 48fa 5107 

  0x00000268c88c47d8: ;   {runtime_call throw_null_pointer_exception Runtime1 stub}
  0x00000268c88c47d8: e843 fa51 

  0x00000268c88c47dc: ; ImmutableOopMap {[112]=Oop [104]=Oop rdx=Oop [96]=Oop rdi=Oop }
                      ;*arraylength {reexecute=0 rethrow=0 return_oop=0}
                      ; - java.util.HashMap::computeIfAbsent@49
                      ;   {runtime_call throw_null_pointer_exception Runtime1 stub}
  0x00000268c88c47dc: 07e8 3efa 

  0x00000268c88c47e0: ; ImmutableOopMap {[112]=Oop [104]=Oop [96]=Oop rax=Oop }
                      ;*arraylength {reexecute=0 rethrow=0 return_oop=0}
                      ; - java.util.HashMap::computeIfAbsent@63
                      ;   {runtime_call throw_null_pointer_exception Runtime1 stub}
  0x00000268c88c47e0: 5107 e839 

  0x00000268c88c47e4: ; ImmutableOopMap {[112]=Oop [104]=Oop [96]=Oop rdi=Oop }
                      ;*aaload {reexecute=0 rethrow=0 return_oop=0}
                      ; - java.util.HashMap::computeIfAbsent@77
                      ;   {runtime_call throw_null_pointer_exception Runtime1 stub}
  0x00000268c88c47e4: fa51 07e8 

  0x00000268c88c47e8: ; ImmutableOopMap {[112]=Oop [104]=Oop [96]=Oop rdi=Oop }
                      ;*aaload {reexecute=0 rethrow=0 return_oop=0}
                      ; - java.util.HashMap::computeIfAbsent@77
  0x00000268c88c47e8: 34fa 5107 | 4889 1c24 | 4889 7c24 

  0x00000268c88c47f4: ;   {runtime_call throw_range_check_failed Runtime1 stub}
  0x00000268c88c47f4: 08e8 26f1 

  0x00000268c88c47f8: ; ImmutableOopMap {[112]=Oop [104]=Oop [96]=Oop rdi=Oop }
                      ;*aaload {reexecute=0 rethrow=0 return_oop=0}
                      ; - java.util.HashMap::computeIfAbsent@77
  0x00000268c88c47f8: 5107 4889 

  0x00000268c88c47fc: ;   {runtime_call throw_class_cast_exception Runtime1 stub}
  0x00000268c88c47fc: 3424 e81d 

  0x00000268c88c4800: ; ImmutableOopMap {[112]=Oop [104]=Oop [96]=Oop rsi=Oop [144]=Oop }
                      ;*checkcast {reexecute=0 rethrow=0 return_oop=0}
                      ; - java.util.HashMap::computeIfAbsent@94
                      ;   {runtime_call throw_null_pointer_exception Runtime1 stub}
  0x00000268c88c4800: 2652 07e8 

  0x00000268c88c4804: ; ImmutableOopMap {[112]=Oop [104]=Oop [96]=Oop rsi=Oop [144]=Oop rax=Oop }
                      ;*invokevirtual getTreeNode {reexecute=0 rethrow=0 return_oop=0}
                      ; - java.util.HashMap::computeIfAbsent@102
  0x00000268c88c4804: 18fa 5107 

  0x00000268c88c4808: ;   {runtime_call throw_null_pointer_exception Runtime1 stub}
  0x00000268c88c4808: e813 fa51 

  0x00000268c88c480c: ; ImmutableOopMap {[112]=Oop [96]=Oop [136]=Oop [144]=Oop rsi=Oop r8=Oop [104]=Oop }
                      ;*getfield hash {reexecute=1 rethrow=0 return_oop=0}
                      ; - (reexecute) java.util.HashMap::computeIfAbsent@116
                      ;   {runtime_call throw_null_pointer_exception Runtime1 stub}
  0x00000268c88c480c: 07e8 0efa 

  0x00000268c88c4810: ; ImmutableOopMap {[112]=Oop [96]=Oop [136]=Oop [144]=Oop r8=Oop [104]=Oop [160]=Oop rdx=Oop }
                      ;*invokevirtual equals {reexecute=0 rethrow=0 return_oop=0}
                      ; - java.util.HashMap::computeIfAbsent@142
                      ;   {metadata({method} {0x00000268da156b88} 'computeIfAbsent' '(Ljava/lang/Object;Ljava/util/function/Function;)Ljava/lang/Object;' in 'java/util/HashMap')}
  0x00000268c88c4810: 5107 49ba | 806b 15da | 6802 0000 | 4c89 5424 | 0848 c704 | 24a6 0000 

  0x00000268c88c4828: ;   {runtime_call counter_overflow Runtime1 stub}
  0x00000268c88c4828: 00e8 525c 

  0x00000268c88c482c: ; ImmutableOopMap {[112]=Oop [96]=Oop [136]=Oop [144]=Oop [104]=Oop r8=Oop }
                      ;*ifnonnull {reexecute=1 rethrow=0 return_oop=0}
                      ; - (reexecute) java.util.HashMap::computeIfAbsent@166
  0x00000268c88c482c: 5207 e978 

  0x00000268c88c4830: ;   {runtime_call throw_null_pointer_exception Runtime1 stub}
  0x00000268c88c4830: f5ff ffe8 

  0x00000268c88c4834: ; ImmutableOopMap {[112]=Oop [96]=Oop [136]=Oop [144]=Oop [104]=Oop rsi=Oop rax=Oop }
                      ;*getfield value {reexecute=1 rethrow=0 return_oop=0}
                      ; - (reexecute) java.util.HashMap::computeIfAbsent@176
  0x00000268c88c4834: e8f9 5107 

  0x00000268c88c4838: ;   {runtime_call throw_null_pointer_exception Runtime1 stub}
  0x00000268c88c4838: e8e3 f951 

  0x00000268c88c483c: ; ImmutableOopMap {[136]=Oop [144]=Oop [104]=Oop [176]=Oop [168]=Oop rdx=Oop [96]=Oop r9=Oop }
                      ;*invokeinterface apply {reexecute=0 rethrow=0 return_oop=0}
                      ; - java.util.HashMap::computeIfAbsent@202
                      ;   {runtime_call throw_null_pointer_exception Runtime1 stub}
  0x00000268c88c483c: 07e8 def9 

  0x00000268c88c4840: ; ImmutableOopMap {[96]=Oop [192]=Oop rax=Oop rdi=Oop }
                      ;*aastore {reexecute=1 rethrow=0 return_oop=0}
                      ; - (reexecute) java.util.HashMap::computeIfAbsent@289
  0x00000268c88c4840: 5107 4889 

  0x00000268c88c4844: ;   {runtime_call throw_array_store_exception Runtime1 stub}
  0x00000268c88c4844: 0424 e8d5 

  0x00000268c88c4848: ; ImmutableOopMap {[96]=Oop [192]=Oop rax=Oop rdi=Oop }
                      ;*aastore {reexecute=1 rethrow=0 return_oop=0}
                      ; - (reexecute) java.util.HashMap::computeIfAbsent@289
                      ;   {runtime_call throw_null_pointer_exception Runtime1 stub}
  0x00000268c88c4848: 2252 07e8 

  0x00000268c88c484c: ; ImmutableOopMap {[96]=Oop [192]=Oop rcx=Oop [104]=Oop rbx=Oop rdi=Oop }
                      ;*invokevirtual putTreeVal {reexecute=0 rethrow=0 return_oop=0}
                      ; - java.util.HashMap::computeIfAbsent@268
  0x00000268c88c484c: d0f9 5107 

  0x00000268c88c4850: ;   {internal_word}
  0x00000268c88c4850: 49ba dc44 | 8cc8 6802 | 0000 4d89 | 9768 0300 

  0x00000268c88c4860: ;   {runtime_call SafepointBlob}
  0x00000268c88c4860: 00e9 1a44 

  0x00000268c88c4864: ;   {runtime_call throw_null_pointer_exception Runtime1 stub}
  0x00000268c88c4864: 4807 e8b5 

  0x00000268c88c4868: ; ImmutableOopMap {rax=Oop [192]=Oop rsi=Oop rdx=Oop [96]=Oop }
                      ;*putfield value {reexecute=1 rethrow=0 return_oop=0}
                      ; - (reexecute) java.util.HashMap::computeIfAbsent@242
                      ;   {internal_word}
  0x00000268c88c4868: f951 0749 | babc 458c | c868 0200 | 004d 8997 | 6803 0000 

  0x00000268c88c487c: ;   {runtime_call SafepointBlob}
  0x00000268c88c487c: e9ff 4348 

  0x00000268c88c4880: ;   {internal_word}
  0x00000268c88c4880: 0749 badc | 458c c868 | 0200 004d | 8997 6803 

  0x00000268c88c4890: ;   {runtime_call SafepointBlob}
  0x00000268c88c4890: 0000 e9e9 

  0x00000268c88c4894: ;   {internal_word}
  0x00000268c88c4894: 4348 0749 | baac 468c | c868 0200 | 004d 8997 | 6803 0000 

  0x00000268c88c48a8: ;   {runtime_call SafepointBlob}
  0x00000268c88c48a8: e9d3 4348 

  0x00000268c88c48ac: ;   {metadata(NULL)}
  0x00000268c88c48ac: 0748 ba00 | 0000 0000 | 0000 00b8 | 000f 050a 

  0x00000268c88c48bc: ;   {runtime_call load_klass_patching Runtime1 stub}
  0x00000268c88c48bc: e83f 4552 

  0x00000268c88c48c0: ; ImmutableOopMap {}
                      ;*new {reexecute=1 rethrow=0 return_oop=0}
                      ; - (reexecute) java.util.HashMap::computeIfAbsent@218
  0x00000268c88c48c0: 07e9 fafd | ffff 488b 

  0x00000268c88c48c8: ;   {runtime_call new_instance Runtime1 stub}
  0x00000268c88c48c8: d2e8 3200 

  0x00000268c88c48cc: ; ImmutableOopMap {}
                      ;*new {reexecute=0 rethrow=0 return_oop=0}
                      ; - java.util.HashMap::computeIfAbsent@218
  0x00000268c88c48cc: 5207 e9fc 

  0x00000268c88c48d0: ;   {metadata(NULL)}
  0x00000268c88c48d0: fdff ff48 | ba00 0000 | 0000 0000 | 00b8 000f 

  0x00000268c88c48e0: ;   {runtime_call load_klass_patching Runtime1 stub}
  0x00000268c88c48e0: 050a e819 

  0x00000268c88c48e4: ; ImmutableOopMap {}
                      ;*new {reexecute=1 rethrow=0 return_oop=0}
                      ; - (reexecute) java.util.HashMap::computeIfAbsent@4
  0x00000268c88c48e4: 4552 07e9 | 1cfe ffff 

  0x00000268c88c48ec: ;   {runtime_call fast_new_instance Runtime1 stub}
  0x00000268c88c48ec: 488b d2e8 

  0x00000268c88c48f0: ; ImmutableOopMap {}
                      ;*new {reexecute=0 rethrow=0 return_oop=0}
                      ; - java.util.HashMap::computeIfAbsent@4
  0x00000268c88c48f0: 0c04 5207 | e962 feff | ff90 9049 | 8b87 e003 | 0000 49c7 | 87e0 0300 | 0000 0000 | 0049 c787 
  0x00000268c88c4910: e803 0000 | 0000 0000 | 4881 c4f0 | 0000 005d 

  0x00000268c88c4920: ;   {runtime_call unwind_exception Runtime1 stub}
  0x00000268c88c4920: e9db 1849 | 07f4 f4f4 | f4f4 f4f4 | f4f4 f4f4 | f4f4 f4f4 | f4f4 f4f4 | f4f4 f4f4 | f4f4 f4f4 
[Stub Code]
  0x00000268c88c4940: ;   {no_reloc}
  0x00000268c88c4940: 0f1f 4400 

  0x00000268c88c4944: ;   {static_stub}
  0x00000268c88c4944: 0048 bb00 | 0000 0000 

  0x00000268c88c494c: ;   {runtime_call}
  0x00000268c88c494c: 0000 00e9 | fbff ffff 

  0x00000268c88c4954: ;   {static_stub}
  0x00000268c88c4954: 9048 bb00 | 0000 0000 

  0x00000268c88c495c: ;   {runtime_call}
  0x00000268c88c495c: 0000 00e9 | fbff ffff 

  0x00000268c88c4964: ;   {static_stub}
  0x00000268c88c4964: 9048 bb00 | 0000 0000 

  0x00000268c88c496c: ;   {runtime_call}
  0x00000268c88c496c: 0000 00e9 | fbff ffff 

  0x00000268c88c4974: ;   {static_stub}
  0x00000268c88c4974: 9048 bb00 | 0000 0000 

  0x00000268c88c497c: ;   {runtime_call}
  0x00000268c88c497c: 0000 00e9 | fbff ffff 

  0x00000268c88c4984: ;   {static_stub}
  0x00000268c88c4984: 9048 bb00 | 0000 0000 

  0x00000268c88c498c: ;   {runtime_call}
  0x00000268c88c498c: 0000 00e9 | fbff ffff 

  0x00000268c88c4994: ;   {static_stub}
  0x00000268c88c4994: 9048 bb00 | 0000 0000 

  0x00000268c88c499c: ;   {runtime_call}
  0x00000268c88c499c: 0000 00e9 | fbff ffff 

  0x00000268c88c49a4: ;   {static_stub}
  0x00000268c88c49a4: 9048 bb00 | 0000 0000 

  0x00000268c88c49ac: ;   {runtime_call}
  0x00000268c88c49ac: 0000 00e9 | fbff ffff 

  0x00000268c88c49b4: ;   {static_stub}
  0x00000268c88c49b4: 9048 bb00 | 0000 0000 

  0x00000268c88c49bc: ;   {runtime_call}
  0x00000268c88c49bc: 0000 00e9 | fbff ffff 

  0x00000268c88c49c4: ;   {static_stub}
  0x00000268c88c49c4: 9048 bb00 | 0000 0000 

  0x00000268c88c49cc: ;   {runtime_call}
  0x00000268c88c49cc: 0000 00e9 | fbff ffff 

  0x00000268c88c49d4: ;   {static_stub}
  0x00000268c88c49d4: 9048 bb00 | 0000 0000 

  0x00000268c88c49dc: ;   {runtime_call}
  0x00000268c88c49dc: 0000 00e9 | fbff ffff 

  0x00000268c88c49e4: ;   {static_stub}
  0x00000268c88c49e4: 9048 bb00 | 0000 0000 

  0x00000268c88c49ec: ;   {runtime_call}
  0x00000268c88c49ec: 0000 00e9 | fbff ffff 

  0x00000268c88c49f4: ;   {static_stub}
  0x00000268c88c49f4: 9048 bb00 | 0000 0000 

  0x00000268c88c49fc: ;   {runtime_call}
  0x00000268c88c49fc: 0000 00e9 | fbff ffff 

  0x00000268c88c4a04: ;   {static_stub}
  0x00000268c88c4a04: 9048 bb00 | 0000 0000 

  0x00000268c88c4a0c: ;   {runtime_call}
  0x00000268c88c4a0c: 0000 00e9 | fbff ffff 
[Exception Handler]
  0x00000268c88c4a14: ;   {runtime_call handle_exception_from_callee Runtime1 stub}
  0x00000268c88c4a14: e8e7 1d52 

  0x00000268c88c4a18: ;   {external_word}
  0x00000268c88c4a18: 0748 b940 | 9a79 d5f8 | 7f00 0048 

  0x00000268c88c4a24: ;   {runtime_call}
  0x00000268c88c4a24: 83e4 f049 | ba60 2d42 | d5f8 7f00 | 0041 ffd2 

  0x00000268c88c4a34: ;   {section_word}
  0x00000268c88c4a34: f449 ba35 | 4a8c c868 | 0200 0041 

  0x00000268c88c4a40: ;   {runtime_call DeoptimizationBlob}
  0x00000268c88c4a40: 52e9 da56 | 4807 f4f4 
[/MachCode]


---------------  P R O C E S S  ---------------

Threads class SMR info:
_java_thread_list=0x00000268deff6b40, length=13, elements={
0x00000268c5b23ce0, 0x00000268ded063b0, 0x00000268ded08770, 0x00000268d99bb500,
0x00000268d99bdde0, 0x00000268ded35010, 0x00000268ded36080, 0x00000268ded3c3f0,
0x00000268ded43bb0, 0x00000268ded50880, 0x00000268c5b85600, 0x00000268defaab70,
0x00000268df0af220
}

Java Threads: ( => current thread )
=>0x00000268c5b23ce0 JavaThread "main" [_thread_in_vm, id=7600, stack(0x000000dd1d900000,0x000000dd1da00000)]
  0x00000268ded063b0 JavaThread "Reference Handler" daemon [_thread_blocked, id=4100, stack(0x000000dd1dc00000,0x000000dd1dd00000)]
  0x00000268ded08770 JavaThread "Finalizer" daemon [_thread_blocked, id=10216, stack(0x000000dd1dd00000,0x000000dd1de00000)]
  0x00000268d99bb500 JavaThread "Signal Dispatcher" daemon [_thread_blocked, id=22492, stack(0x000000dd1de00000,0x000000dd1df00000)]
  0x00000268d99bdde0 JavaThread "Attach Listener" daemon [_thread_blocked, id=20788, stack(0x000000dd1df00000,0x000000dd1e000000)]
  0x00000268ded35010 JavaThread "Service Thread" daemon [_thread_blocked, id=10124, stack(0x000000dd1e000000,0x000000dd1e100000)]
  0x00000268ded36080 JavaThread "Monitor Deflation Thread" daemon [_thread_blocked, id=22268, stack(0x000000dd1e100000,0x000000dd1e200000)]
  0x00000268ded3c3f0 JavaThread "C2 CompilerThread0" daemon [_thread_blocked, id=19272, stack(0x000000dd1e200000,0x000000dd1e300000)]
  0x00000268ded43bb0 JavaThread "C1 CompilerThread0" daemon [_thread_blocked, id=6428, stack(0x000000dd1e300000,0x000000dd1e400000)]
  0x00000268ded50880 JavaThread "Sweeper thread" daemon [_thread_blocked, id=14872, stack(0x000000dd1e400000,0x000000dd1e500000)]
  0x00000268c5b85600 JavaThread "Common-Cleaner" daemon [_thread_blocked, id=6800, stack(0x000000dd1e500000,0x000000dd1e600000)]
  0x00000268defaab70 JavaThread "C2 CompilerThread1" daemon [_thread_blocked, id=12400, stack(0x000000dd1e600000,0x000000dd1e700000)]
  0x00000268df0af220 JavaThread "Notification Thread" daemon [_thread_blocked, id=6604, stack(0x000000dd1e700000,0x000000dd1e800000)]

Other Threads:
  0x00000268decf0cf0 VMThread "VM Thread" [stack: 0x000000dd1db00000,0x000000dd1dc00000] [id=12072]
  0x00000268df069510 WatcherThread [stack: 0x000000dd1e800000,0x000000dd1e900000] [id=9284]
  0x00000268c5b38f40 GCTaskThread "GC Thread#0" [stack: 0x000000dd1da00000,0x000000dd1db00000] [id=20160]

Threads with active compile tasks:

VM state: not at safepoint (normal execution)

VM Mutex/Monitor currently owned by a thread:  ([mutex/lock_event])
[0x00000268c5b1e610] Metaspace_lock - owner thread: 0x00000268c5b23ce0

Heap address: 0x00000000c0000000, size: 1024 MB, Compressed Oops mode: 32-bit

CDS archive(s) not mapped
Compressed class space mapped at: 0x0000000100000000-0x0000000140000000, reserved size: 1073741824
Narrow klass base: 0x0000000000000000, Narrow klass shift: 3, Narrow klass range: 0x140000000

GC Precious Log:
 CPUs: 8 total, 8 available
 Memory: 7991M
 Large Page Support: Disabled
 NUMA Support: Disabled
 Compressed Oops: Enabled (32-bit)
 Alignments: Space 512K, Generation 512K, Heap 2M
 Heap Min Capacity: 100M
 Heap Initial Capacity: 100M
 Heap Max Capacity: 1G
 Pre-touch: Disabled
 Parallel Workers: 8

Heap:
 PSYoungGen      total 29696K, used 21479K [0x00000000eab00000, 0x00000000ecc00000, 0x0000000100000000)
  eden space 25600K, 83% used [0x00000000eab00000,0x00000000ebff9f30,0x00000000ec400000)
  from space 4096K, 0% used [0x00000000ec800000,0x00000000ec800000,0x00000000ecc00000)
  to   space 4096K, 0% used [0x00000000ec400000,0x00000000ec400000,0x00000000ec800000)
 ParOldGen       total 68608K, used 0K [0x00000000c0000000, 0x00000000c4300000, 0x00000000eab00000)
  object space 68608K, 0% used [0x00000000c0000000,0x00000000c0000000,0x00000000c4300000)
 Metaspace       used 9987K, committed 10112K, reserved 1114112K
  class space    used 999K, committed 1088K, reserved 1048576K

Card table byte_map: [0x00000268c54e0000,0x00000268c56f0000] _byte_map_base: 0x00000268c4ee0000

Marking Bits: (ParMarkBitMap*) 0x00007ff8d5a0d7d0
 Begin Bits: [0x00000268d77c0000, 0x00000268d87c0000)
 End Bits:   [0x00000268d87c0000, 0x00000268d97c0000)

Polling page: 0x00000268c3b20000

Metaspace:

Usage:
  Non-class:      8.78 MB used.
      Class:    999.02 KB used.
       Both:      9.75 MB used.

Virtual space:
  Non-class space:       64.00 MB reserved,       8.81 MB ( 14%) committed,  1 nodes.
      Class space:        1.00 GB reserved,       1.06 MB ( <1%) committed,  1 nodes.
             Both:        1.06 GB reserved,       9.88 MB ( <1%) committed. 

Chunk freelists:
   Non-Class:  6.70 MB
       Class:  14.99 MB
        Both:  21.70 MB

MaxMetaspaceSize: unlimited
CompressedClassSpaceSize: 1.00 GB
Initial GC threshold: 21.00 MB
Current GC threshold: 21.00 MB
CDS: off
MetaspaceReclaimPolicy: balanced
 - commit_granule_bytes: 65536.
 - commit_granule_words: 8192.
 - virtual_space_node_default_size: 8388608.
 - enlarge_chunks_in_place: 1.
 - new_chunks_are_fully_committed: 0.
 - uncommit_free_chunks: 1.
 - use_allocation_guard: 0.
 - handle_deallocations: 1.


Internal statistics:

num_allocs_failed_limit: 0.
num_arena_births: 14.
num_arena_deaths: 0.
num_vsnodes_births: 2.
num_vsnodes_deaths: 0.
num_space_committed: 158.
num_space_uncommitted: 0.
num_chunks_returned_to_freelist: 0.
num_chunks_taken_from_freelist: 68.
num_chunk_merges: 0.
num_chunk_splits: 40.
num_chunks_enlarged: 31.
num_inconsistent_stats: 0.

CodeHeap 'non-profiled nmethods': size=120000Kb used=356Kb max_used=356Kb free=119643Kb
 bounds [0x00000268d0290000, 0x00000268d0500000, 0x00000268d77c0000]
CodeHeap 'profiled nmethods': size=120000Kb used=1284Kb max_used=1284Kb free=118715Kb
 bounds [0x00000268c87c0000, 0x00000268c8a30000, 0x00000268cfcf0000]
CodeHeap 'non-nmethods': size=5760Kb used=1147Kb max_used=1175Kb free=4613Kb
 bounds [0x00000268cfcf0000, 0x00000268cff60000, 0x00000268d0290000]
 total_blobs=1222 nmethods=797 adapters=340
 compilation: enabled
              stopped_count=0, restarted_count=0
 full_count=0

Compilation events (20 events):
Event: 0.628 Thread 0x00000268ded43bb0  788       3       java.util.LinkedHashMap$LinkedEntrySet::<init> (10 bytes)
Event: 0.628 Thread 0x00000268ded43bb0 nmethod 788 0x00000268c88fe090 code [0x00000268c88fe240, 0x00000268c88fe478]
Event: 0.628 Thread 0x00000268ded43bb0  789       3       java.util.LinkedHashMap$LinkedEntrySet::iterator (12 bytes)
Event: 0.628 Thread 0x00000268ded43bb0 nmethod 789 0x00000268c88fe590 code [0x00000268c88fe740, 0x00000268c88fea18]
Event: 0.628 Thread 0x00000268ded43bb0  790       3       java.util.LinkedHashMap$LinkedEntryIterator::<init> (11 bytes)
Event: 0.628 Thread 0x00000268ded43bb0 nmethod 790 0x00000268c88feb90 code [0x00000268c88fed40, 0x00000268c88fef78]
Event: 0.628 Thread 0x00000268ded43bb0  791       3       java.util.LinkedHashMap::<init> (16 bytes)
Event: 0.628 Thread 0x00000268ded43bb0 nmethod 791 0x00000268c88ff090 code [0x00000268c88ff240, 0x00000268c88ff4a8]
Event: 0.628 Thread 0x00000268ded43bb0  792       3       java.util.jar.Attributes::clone (9 bytes)
Event: 0.629 Thread 0x00000268ded43bb0 nmethod 792 0x00000268c88ff610 code [0x00000268c88ff7e0, 0x00000268c88ffc68]
Event: 0.629 Thread 0x00000268ded43bb0  793       3       java.util.jar.Attributes::<init> (17 bytes)
Event: 0.629 Thread 0x00000268ded43bb0 nmethod 793 0x00000268c88ffe90 code [0x00000268c8900060, 0x00000268c8900428]
Event: 0.629 Thread 0x00000268defaab70 nmethod 778 0x00000268d02e1e10 code [0x00000268d02e1fa0, 0x00000268d02e2538]
Event: 0.629 Thread 0x00000268defaab70  794       4       sun.security.util.ManifestDigester::findSection (181 bytes)
Event: 0.631 Thread 0x00000268ded43bb0  795       3       java.lang.ref.SoftReference::get (29 bytes)
Event: 0.631 Thread 0x00000268ded43bb0 nmethod 795 0x00000268c8900610 code [0x00000268c89007a0, 0x00000268c8900958]
Event: 0.632 Thread 0x00000268defaab70 nmethod 794 0x00000268d02e2890 code [0x00000268d02e2a20, 0x00000268d02e2cd8]
Event: 0.632 Thread 0x00000268defaab70  780       4       java.util.jar.Manifest$FastInputStream::readLine (9 bytes)
Event: 0.634 Thread 0x00000268ded43bb0  797       3       java.util.Arrays::equals (57 bytes)
Event: 0.634 Thread 0x00000268ded43bb0 nmethod 797 0x00000268c8900a10 code [0x00000268c8900c00, 0x00000268c89011c8]

GC Heap History (0 events):
No events

Dll operation events (8 events):
Event: 0.011 Loaded shared library c:\Users\aluno.LABINFO\.vscode\extensions\redhat.java-1.30.0-win32-x64\jre\17.0.10-win32-x86_64\bin\java.dll
Event: 0.146 Loaded shared library c:\Users\aluno.LABINFO\.vscode\extensions\redhat.java-1.30.0-win32-x64\jre\17.0.10-win32-x86_64\bin\zip.dll
Event: 0.149 Loaded shared library C:\Users\aluno.LABINFO\.vscode\extensions\redhat.java-1.30.0-win32-x64\jre\17.0.10-win32-x86_64\bin\instrument.dll
Event: 0.163 Loaded shared library C:\Users\aluno.LABINFO\.vscode\extensions\redhat.java-1.30.0-win32-x64\jre\17.0.10-win32-x86_64\bin\net.dll
Event: 0.166 Loaded shared library C:\Users\aluno.LABINFO\.vscode\extensions\redhat.java-1.30.0-win32-x64\jre\17.0.10-win32-x86_64\bin\nio.dll
Event: 0.172 Loaded shared library C:\Users\aluno.LABINFO\.vscode\extensions\redhat.java-1.30.0-win32-x64\jre\17.0.10-win32-x86_64\bin\zip.dll
Event: 0.187 Loaded shared library C:\Users\aluno.LABINFO\.vscode\extensions\redhat.java-1.30.0-win32-x64\jre\17.0.10-win32-x86_64\bin\jimage.dll
Event: 0.257 Loaded shared library c:\Users\aluno.LABINFO\.vscode\extensions\redhat.java-1.30.0-win32-x64\jre\17.0.10-win32-x86_64\bin\verify.dll

Deoptimization events (20 events):
Event: 0.630 Thread 0x00000268c5b23ce0 DEOPT PACKING pc=0x00000268c88c2680 sp=0x000000dd1d9fd6a0
Event: 0.630 Thread 0x00000268c5b23ce0 DEOPT UNPACKING pc=0x00000268cfd4a9e3 sp=0x000000dd1d9fcb10 mode 0
Event: 0.630 Thread 0x00000268c5b23ce0 DEOPT PACKING pc=0x00000268c88c2680 sp=0x000000dd1d9fd6a0
Event: 0.630 Thread 0x00000268c5b23ce0 DEOPT UNPACKING pc=0x00000268cfd4a9e3 sp=0x000000dd1d9fcb10 mode 0
Event: 0.630 Thread 0x00000268c5b23ce0 DEOPT PACKING pc=0x00000268c88c2680 sp=0x000000dd1d9fd6a0
Event: 0.630 Thread 0x00000268c5b23ce0 DEOPT UNPACKING pc=0x00000268cfd4a9e3 sp=0x000000dd1d9fcb10 mode 0
Event: 0.630 Thread 0x00000268c5b23ce0 DEOPT PACKING pc=0x00000268c88c2680 sp=0x000000dd1d9fd6a0
Event: 0.630 Thread 0x00000268c5b23ce0 DEOPT UNPACKING pc=0x00000268cfd4a9e3 sp=0x000000dd1d9fcb10 mode 0
Event: 0.630 Thread 0x00000268c5b23ce0 DEOPT PACKING pc=0x00000268c88c2680 sp=0x000000dd1d9fd6a0
Event: 0.630 Thread 0x00000268c5b23ce0 DEOPT UNPACKING pc=0x00000268cfd4a9e3 sp=0x000000dd1d9fcb10 mode 0
Event: 0.630 Thread 0x00000268c5b23ce0 DEOPT PACKING pc=0x00000268c88c2680 sp=0x000000dd1d9fd6a0
Event: 0.630 Thread 0x00000268c5b23ce0 DEOPT UNPACKING pc=0x00000268cfd4a9e3 sp=0x000000dd1d9fcb10 mode 0
Event: 0.634 Thread 0x00000268c5b23ce0 Uncommon trap: trap_request=0xffffff45 fr.pc=0x00000268d02d97c8 relative=0x00000000000000a8
Event: 0.634 Thread 0x00000268c5b23ce0 Uncommon trap: reason=unstable_if action=reinterpret pc=0x00000268d02d97c8 method=java.lang.invoke.VarHandle.checkExactAccessMode(Ljava/lang/invoke/VarHandle$AccessDescriptor;)V @ 4 c2
Event: 0.634 Thread 0x00000268c5b23ce0 DEOPT PACKING pc=0x00000268d02d97c8 sp=0x000000dd1d9fd240
Event: 0.634 Thread 0x00000268c5b23ce0 DEOPT UNPACKING pc=0x00000268cfd49ea3 sp=0x000000dd1d9fd200 mode 2
Event: 0.634 Thread 0x00000268c5b23ce0 Uncommon trap: trap_request=0xffffff45 fr.pc=0x00000268d02d9104 relative=0x0000000000000084
Event: 0.634 Thread 0x00000268c5b23ce0 Uncommon trap: reason=unstable_if action=reinterpret pc=0x00000268d02d9104 method=java.lang.invoke.VarForm.getMemberName(I)Ljava/lang/invoke/MemberName; @ 8 c2
Event: 0.634 Thread 0x00000268c5b23ce0 DEOPT PACKING pc=0x00000268d02d9104 sp=0x000000dd1d9fd250
Event: 0.634 Thread 0x00000268c5b23ce0 DEOPT UNPACKING pc=0x00000268cfd49ea3 sp=0x000000dd1d9fd1e8 mode 2

Classes unloaded (0 events):
No events

Classes redefined (0 events):
No events

Internal exceptions (9 events):
Event: 0.126 Thread 0x00000268c5b23ce0 Exception <a 'java/lang/NoSuchMethodError'{0x00000000eacb5228}: 'void java.lang.invoke.DirectMethodHandle$Holder.invokeStatic(java.lang.Object, java.lang.Object, java.lang.Object)'> (0x00000000eacb5228) 
thrown [s\src\hotspot\share\interpreter\linkResolver.cpp, line 759]
Event: 0.276 Thread 0x00000268c5b23ce0 Exception <a 'java/lang/reflect/InvocationTargetException'{0x00000000eafe9af0}> (0x00000000eafe9af0) 
thrown [s\src\hotspot\share\runtime\reflection.cpp, line 1121]
Event: 0.487 Thread 0x00000268c5b23ce0 Exception <a 'java/lang/ClassNotFoundException'{0x00000000eb860980}: sun/net/www/protocol/c/Handler> (0x00000000eb860980) 
thrown [s\src\hotspot\share\classfile\systemDictionary.cpp, line 256]
Event: 0.491 Thread 0x00000268c5b23ce0 Exception <a 'java/io/FileNotFoundException'{0x00000000eb87c310}> (0x00000000eb87c310) 
thrown [s\src\hotspot\share\prims\jni.cpp, line 516]
Event: 0.492 Thread 0x00000268c5b23ce0 Exception <a 'java/io/FileNotFoundException'{0x00000000eb87d0b0}> (0x00000000eb87d0b0) 
thrown [s\src\hotspot\share\prims\jni.cpp, line 516]
Event: 0.492 Thread 0x00000268c5b23ce0 Exception <a 'java/io/FileNotFoundException'{0x00000000eb87de30}> (0x00000000eb87de30) 
thrown [s\src\hotspot\share\prims\jni.cpp, line 516]
Event: 0.492 Thread 0x00000268c5b23ce0 Exception <a 'java/io/FileNotFoundException'{0x00000000eb87eb80}> (0x00000000eb87eb80) 
thrown [s\src\hotspot\share\prims\jni.cpp, line 516]
Event: 0.496 Thread 0x00000268c5b23ce0 Implicit null exception at 0x00000268d02b2cf2 to 0x00000268d02b3268
Event: 0.498 Thread 0x00000268c5b23ce0 Exception <a 'java/io/FileNotFoundException'{0x00000000eb8b94f8}> (0x00000000eb8b94f8) 
thrown [s\src\hotspot\share\prims\jni.cpp, line 516]

VM Operations (8 events):
Event: 0.130 Executing VM operation: HandshakeAllThreads
Event: 0.130 Executing VM operation: HandshakeAllThreads done
Event: 0.204 Executing VM operation: HandshakeAllThreads
Event: 0.205 Executing VM operation: HandshakeAllThreads done
Event: 0.467 Executing VM operation: HandshakeAllThreads
Event: 0.467 Executing VM operation: HandshakeAllThreads done
Event: 0.482 Executing VM operation: HandshakeAllThreads
Event: 0.482 Executing VM operation: HandshakeAllThreads done

Events (20 events):
Event: 0.633 loading class jdk/internal/logger/BootstrapLogger$LoggingBackend done
Event: 0.633 loading class jdk/internal/logger/LazyLoggers$JdkLazyLogger
Event: 0.633 loading class jdk/internal/logger/LazyLoggers$LazyLoggerWrapper
Event: 0.633 loading class jdk/internal/logger/AbstractLoggerWrapper
Event: 0.634 loading class jdk/internal/logger/AbstractLoggerWrapper done
Event: 0.634 loading class jdk/internal/logger/LazyLoggers$LazyLoggerWrapper done
Event: 0.634 loading class jdk/internal/logger/LazyLoggers$JdkLazyLogger done
Event: 0.634 loading class jdk/internal/logger/LazyLoggers$LazyLoggerAccessor
Event: 0.634 loading class jdk/internal/logger/LazyLoggers$LoggerAccessor
Event: 0.634 loading class jdk/internal/logger/LazyLoggers$LoggerAccessor done
Event: 0.634 loading class jdk/internal/logger/LazyLoggers$LazyLoggerAccessor done
Event: 0.634 loading class jdk/internal/logger/BootstrapLogger$RedirectedLoggers
Event: 0.634 loading class jdk/internal/logger/BootstrapLogger$RedirectedLoggers done
Event: 0.634 loading class jdk/internal/logger/SurrogateLogger
Event: 0.634 loading class jdk/internal/logger/SimpleConsoleLogger
Event: 0.634 loading class sun/util/logging/PlatformLogger$ConfigurableBridge$LoggerConfiguration
Event: 0.635 loading class sun/util/logging/PlatformLogger$ConfigurableBridge$LoggerConfiguration done
Event: 0.635 loading class jdk/internal/logger/SimpleConsoleLogger done
Event: 0.635 loading class jdk/internal/logger/SurrogateLogger done
Event: 0.635 loading class sun/util/logging/PlatformLogger


Dynamic libraries:
0x00007ff77e9d0000 - 0x00007ff77e9de000 	c:\Users\aluno.LABINFO\.vscode\extensions\redhat.java-1.30.0-win32-x64\jre\17.0.10-win32-x86_64\bin\java.exe
0x00007ff92f7b0000 - 0x00007ff92f9a8000 	C:\Windows\SYSTEM32\ntdll.dll
0x00007ff92e270000 - 0x00007ff92e32d000 	C:\Windows\System32\KERNEL32.DLL
0x00007ff92ce80000 - 0x00007ff92d176000 	C:\Windows\System32\KERNELBASE.dll
0x00007ff92d3e0000 - 0x00007ff92d4e0000 	C:\Windows\System32\ucrtbase.dll
0x00007ff9285c0000 - 0x00007ff9285d7000 	c:\Users\aluno.LABINFO\.vscode\extensions\redhat.java-1.30.0-win32-x64\jre\17.0.10-win32-x86_64\bin\jli.dll
0x00007ff9283f0000 - 0x00007ff92840b000 	c:\Users\aluno.LABINFO\.vscode\extensions\redhat.java-1.30.0-win32-x64\jre\17.0.10-win32-x86_64\bin\VCRUNTIME140.dll
0x00007ff92f3a0000 - 0x00007ff92f53e000 	C:\Windows\System32\USER32.dll
0x00007ff91a7f0000 - 0x00007ff91aa8a000 	C:\Windows\WinSxS\amd64_microsoft.windows.common-controls_6595b64144ccf1df_6.0.19041.3636_none_60b6a03d71f818d5\COMCTL32.dll
0x00007ff92d4e0000 - 0x00007ff92d502000 	C:\Windows\System32\win32u.dll
0x00007ff92e0b0000 - 0x00007ff92e0dc000 	C:\Windows\System32\GDI32.dll
0x00007ff92e1d0000 - 0x00007ff92e26e000 	C:\Windows\System32\msvcrt.dll
0x00007ff92d5a0000 - 0x00007ff92d6ba000 	C:\Windows\System32\gdi32full.dll
0x00007ff92d6f0000 - 0x00007ff92d78d000 	C:\Windows\System32\msvcp_win.dll
0x00007ff92e1a0000 - 0x00007ff92e1d0000 	C:\Windows\System32\IMM32.DLL
0x00007ff928720000 - 0x00007ff92872c000 	c:\Users\aluno.LABINFO\.vscode\extensions\redhat.java-1.30.0-win32-x64\jre\17.0.10-win32-x86_64\bin\vcruntime140_1.dll
0x00007ff90a930000 - 0x00007ff90a9bd000 	c:\Users\aluno.LABINFO\.vscode\extensions\redhat.java-1.30.0-win32-x64\jre\17.0.10-win32-x86_64\bin\msvcp140.dll
0x00007ff8d4e70000 - 0x00007ff8d5ad2000 	c:\Users\aluno.LABINFO\.vscode\extensions\redhat.java-1.30.0-win32-x64\jre\17.0.10-win32-x86_64\bin\server\jvm.dll
0x00007ff92e0e0000 - 0x00007ff92e193000 	C:\Windows\System32\ADVAPI32.dll
0x00007ff92f6d0000 - 0x00007ff92f76f000 	C:\Windows\System32\sechost.dll
0x00007ff92e410000 - 0x00007ff92e536000 	C:\Windows\System32\RPCRT4.dll
0x00007ff92d6c0000 - 0x00007ff92d6e7000 	C:\Windows\System32\bcrypt.dll
0x00007ff91b0b0000 - 0x00007ff91b0d7000 	C:\Windows\SYSTEM32\WINMM.dll
0x00007ff91a3a0000 - 0x00007ff91a3a9000 	C:\Windows\SYSTEM32\WSOCK32.dll
0x00007ff92c890000 - 0x00007ff92c8db000 	C:\Windows\SYSTEM32\POWRPROF.dll
0x00007ff923390000 - 0x00007ff92339a000 	C:\Windows\SYSTEM32\VERSION.dll
0x00007ff92f330000 - 0x00007ff92f39b000 	C:\Windows\System32\WS2_32.dll
0x00007ff92c870000 - 0x00007ff92c882000 	C:\Windows\SYSTEM32\UMPDC.dll
0x00007ff92b5b0000 - 0x00007ff92b5c2000 	C:\Windows\SYSTEM32\kernel.appcore.dll
0x00007ff925e10000 - 0x00007ff925e1a000 	c:\Users\aluno.LABINFO\.vscode\extensions\redhat.java-1.30.0-win32-x64\jre\17.0.10-win32-x86_64\bin\jimage.dll
0x00007ff92a880000 - 0x00007ff92aa64000 	C:\Windows\SYSTEM32\DBGHELP.DLL
0x00007ff919cb0000 - 0x00007ff919ce4000 	C:\Windows\SYSTEM32\dbgcore.DLL
0x00007ff92d510000 - 0x00007ff92d592000 	C:\Windows\System32\bcryptPrimitives.dll
0x00007ff925e00000 - 0x00007ff925e0e000 	c:\Users\aluno.LABINFO\.vscode\extensions\redhat.java-1.30.0-win32-x64\jre\17.0.10-win32-x86_64\bin\instrument.dll
0x00007ff908b30000 - 0x00007ff908b55000 	c:\Users\aluno.LABINFO\.vscode\extensions\redhat.java-1.30.0-win32-x64\jre\17.0.10-win32-x86_64\bin\java.dll
0x00007ff925900000 - 0x00007ff925918000 	c:\Users\aluno.LABINFO\.vscode\extensions\redhat.java-1.30.0-win32-x64\jre\17.0.10-win32-x86_64\bin\zip.dll
0x00007ff92e540000 - 0x00007ff92ec85000 	C:\Windows\System32\SHELL32.dll
0x00007ff92acf0000 - 0x00007ff92b48b000 	C:\Windows\SYSTEM32\windows.storage.dll
0x00007ff92dba0000 - 0x00007ff92def4000 	C:\Windows\System32\combase.dll
0x00007ff92c700000 - 0x00007ff92c72d000 	C:\Windows\SYSTEM32\Wldp.dll
0x00007ff92f220000 - 0x00007ff92f2cd000 	C:\Windows\System32\SHCORE.dll
0x00007ff92f540000 - 0x00007ff92f595000 	C:\Windows\System32\shlwapi.dll
0x00007ff92cdb0000 - 0x00007ff92cdd5000 	C:\Windows\SYSTEM32\profapi.dll
0x00007ff925820000 - 0x00007ff925839000 	C:\Users\aluno.LABINFO\.vscode\extensions\redhat.java-1.30.0-win32-x64\jre\17.0.10-win32-x86_64\bin\net.dll
0x00007ff927750000 - 0x00007ff92785a000 	C:\Windows\SYSTEM32\WINHTTP.dll
0x00007ff92c4e0000 - 0x00007ff92c54a000 	C:\Windows\system32\mswsock.dll
0x00007ff90ad80000 - 0x00007ff90ad96000 	C:\Users\aluno.LABINFO\.vscode\extensions\redhat.java-1.30.0-win32-x64\jre\17.0.10-win32-x86_64\bin\nio.dll
0x00007ff923210000 - 0x00007ff923220000 	c:\Users\aluno.LABINFO\.vscode\extensions\redhat.java-1.30.0-win32-x64\jre\17.0.10-win32-x86_64\bin\verify.dll

dbghelp: loaded successfully - version: 4.0.5 - missing functions: none
symbol engine: initialized successfully - sym options: 0x614 - pdb path: .;c:\Users\aluno.LABINFO\.vscode\extensions\redhat.java-1.30.0-win32-x64\jre\17.0.10-win32-x86_64\bin;C:\Windows\SYSTEM32;C:\Windows\WinSxS\amd64_microsoft.windows.common-controls_6595b64144ccf1df_6.0.19041.3636_none_60b6a03d71f818d5;c:\Users\aluno.LABINFO\.vscode\extensions\redhat.java-1.30.0-win32-x64\jre\17.0.10-win32-x86_64\bin\server

VM Arguments:
jvm_args: --add-modules=ALL-SYSTEM --add-opens=java.base/java.util=ALL-UNNAMED --add-opens=java.base/java.lang=ALL-UNNAMED --add-opens=java.base/sun.nio.fs=ALL-UNNAMED -Declipse.application=org.eclipse.jdt.ls.core.id1 -Dosgi.bundles.defaultStartLevel=4 -Declipse.product=org.eclipse.jdt.ls.core.product -Djava.import.generatesMetadataFilesAtProjectRoot=false -DDetectVMInstallationsJob.disabled=true -Dfile.encoding=utf8 -XX:+UseParallelGC -XX:GCTimeRatio=4 -XX:AdaptiveSizePolicyWeight=90 -Dsun.zip.disableMemoryMapping=true -Xmx1G -Xms100m -Xlog:disable -javaagent:c:\Users\aluno.LABINFO\.vscode\extensions\redhat.java-1.30.0-win32-x64\lombok\lombok-1.18.32.jar -XX:+HeapDumpOnOutOfMemoryError -XX:HeapDumpPath=c:\Users\aluno.LABINFO\AppData\Roaming\Code\User\workspaceStorage\2ffb834baca0b11982a4a025cb03734d\redhat.java -Daether.dependencyCollector.impl=bf 
java_command: c:\Users\aluno.LABINFO\.vscode\extensions\redhat.java-1.30.0-win32-x64\server\plugins\org.eclipse.equinox.launcher_1.6.800.v20240330-1250.jar -configuration c:\Users\aluno.LABINFO\AppData\Roaming\Code\User\globalStorage\redhat.java\1.30.0\config_win -data c:\Users\aluno.LABINFO\AppData\Roaming\Code\User\workspaceStorage\2ffb834baca0b11982a4a025cb03734d\redhat.java\jdt_ws --pipe=\\.\pipe\lsp-abecab9cd6c9892f4b30f1d53a316c20-sock
java_class_path (initial): c:\Users\aluno.LABINFO\.vscode\extensions\redhat.java-1.30.0-win32-x64\server\plugins\org.eclipse.equinox.launcher_1.6.800.v20240330-1250.jar
Launcher Type: SUN_STANDARD

[Global flags]
    uintx AdaptiveSizePolicyWeight                 = 90                                        {product} {command line}
     intx CICompilerCount                          = 4                                         {product} {ergonomic}
    uintx GCTimeRatio                              = 4                                         {product} {command line}
     bool HeapDumpOnOutOfMemoryError               = true                                   {manageable} {command line}
    ccstr HeapDumpPath                             = c:\Users\aluno.LABINFO\AppData\Roaming\Code\User\workspaceStorage\2ffb834baca0b11982a4a025cb03734d\redhat.java         {manageable} {command line}
   size_t InitialHeapSize                          = 104857600                                 {product} {command line}
   size_t MaxHeapSize                              = 1073741824                                {product} {command line}
   size_t MaxNewSize                               = 357564416                                 {product} {ergonomic}
   size_t MinHeapDeltaBytes                        = 524288                                    {product} {ergonomic}
   size_t MinHeapSize                              = 104857600                                 {product} {command line}
   size_t NewSize                                  = 34603008                                  {product} {ergonomic}
    uintx NonNMethodCodeHeapSize                   = 5839372                                {pd product} {ergonomic}
    uintx NonProfiledCodeHeapSize                  = 122909434                              {pd product} {ergonomic}
   size_t OldSize                                  = 70254592                                  {product} {ergonomic}
    uintx ProfiledCodeHeapSize                     = 122909434                              {pd product} {ergonomic}
    uintx ReservedCodeCacheSize                    = 251658240                              {pd product} {ergonomic}
     bool SegmentedCodeCache                       = true                                      {product} {ergonomic}
   size_t SoftMaxHeapSize                          = 1073741824                             {manageable} {ergonomic}
     bool UseCompressedClassPointers               = true                           {product lp64_product} {ergonomic}
     bool UseCompressedOops                        = true                           {product lp64_product} {ergonomic}
     bool UseLargePagesIndividualAllocation        = false                                  {pd product} {ergonomic}
     bool UseParallelGC                            = true                                      {product} {command line}

Logging:
Log output configuration:
 #0: stdout all=off uptime,level,tags
 #1: stderr all=off uptime,level,tags

Environment Variables:
JAVA_HOME=C:\Program Files\Java\jdk-17.0.2
CLASSPATH=C:\LINGO20\Lingo20.jar
PATH=C:\Program Files (x86)\VMware\VMware Player\bin\;C:\Program Files\Microsoft MPI\Bin\;C:\Python310\Scripts\;C:\Python310\;C:\Program Files\Common Files\Oracle\Java\javapath;C:\Program Files (x86)\Common Files\Oracle\Java\javapath;C:\Windows\system32;C:\Windows;C:\Windows\System32\Wbem;C:\Windows\System32\WindowsPowerShell\v1.0\;C:\Windows\System32\OpenSSH\;C:\Program Files\MATLAB\R2016b\bin;C:\Program Files\Microsoft VS Code\bin;C:\Program Files\nodejs\;C:\ProgramData\chocolatey\bin;C:\ProgramData\UNIVALI\Portugol Studio;C:\Program Files (x86)\Microsoft SQL Server\150\DTS\Binn\;C:\Program Files\Azure Data Studio\bin;C:\Program Files\Microsoft SQL Server\120\Tools\Binn\;C:\Program Files (x86)\Windows Kits\8.1\Windows Performance Toolkit\;C:\Program Files (x86)\Common Files\EpsonRC\exe;C:\Program Files (x86)\Microsoft SQL Server\160\Tools\Binn\;C:\Program Files\Microsoft SQL Server\160\Tools\Binn\;C:\Program Files\Microsoft SQL Server\Client SDK\ODBC\170\Tools\Binn\;C:\Program Files\Microsoft SQL Server\160\DTS\Binn\;C:\Program Files (x86)\dotnet\;C:\Program Files (x86)\CODESYS\APInstaller\;C:\LINGO20\;C:\Program Files\Docker\Docker\resources\bin;C:\Program Files\Git\cmd;C:\Program Files\dotnet\;C:\Users\aluno.LABINFO\AppData\Local\Microsoft\WindowsApps;C:\Users\aluno.LABINFO\AppData\Local\GitHubDesktop\bin
USERNAME=aluno
OS=Windows_NT
PROCESSOR_IDENTIFIER=Intel64 Family 6 Model 140 Stepping 1, GenuineIntel
TMP=C:\Users\ALUNO~1.LAB\AppData\Local\Temp
TEMP=C:\Users\ALUNO~1.LAB\AppData\Local\Temp



Periodic native trim disabled


---------------  S Y S T E M  ---------------

OS:
 Windows 10 , 64 bit Build 19041 (10.0.19041.3636)
OS uptime: 19 days 22:54 hours
Hyper-V role detected

CPU: total 8 (initial active 8) (4 cores per cpu, 2 threads per core) family 6 model 140 stepping 1 microcode 0x8a, cx8, cmov, fxsr, ht, mmx, 3dnowpref, sse, sse2, sse3, ssse3, sse4.1, sse4.2, popcnt, lzcnt, tsc, tscinvbit, avx, avx2, aes, erms, clmul, bmi1, bmi2, adx, avx512f, avx512dq, avx512cd, avx512bw, avx512vl, sha, fma, vzeroupper, avx512_vpopcntdq, avx512_vpclmulqdq, avx512_vaes, avx512_vnni, clflush, clflushopt, clwb, avx512_vbmi2, avx512_vbmi, hv
Processor Information for all 8 processors :
  Max Mhz: 2419, Current Mhz: 2419, Mhz Limit: 2419

Memory: 4k page, system-wide physical 7991M (359M free)
TotalPageFile size 11991M (AvailPageFile size 7M)
current process WorkingSet (physical memory assigned to process): 66M, peak: 68M
current process commit charge ("private bytes"): 197M, peak: 199M

vm_info: OpenJDK 64-Bit Server VM (17.0.10+7) for windows-amd64 JRE (17.0.10+7), built on Jan 16 2024 23:25:11 by "admin" with MS VC++ 16.10 / 16.11 (VS2019)

END.
